30.00,0.00,1.00,0.40,0,0,0,0,0,0
Time (ms),Distance (mm),pid (N),pwm 1,pwm 2,pwm 3,pwm 4,acc x (m/s^2),acc y (m/s^2),acc z (m/s^2)
7102,0.05,-1.59,1200,1100,1100,1200,-0.14,-0.71,11.61
7112,0.06,-1.84,1208,1100,1100,1208,0.14,-1.05,11.09
7122,0.05,0.00,1100,1100,1100,1100,-0.57,-0.83,10.30
7132,0.05,-1.53,1198,1100,1100,1198,0.31,0.91,9.18
7142,0.05,-1.53,1198,1100,1100,1198,0.13,0.33,9.40
7152,0.05,0.00,1100,1100,1100,1100,-0.19,0.25,11.45
7162,0.05,0.00,1100,1100,1100,1100,0.29,-1.33,10.75
7172,0.05,0.00,1100,1100,1100,1100,-0.47,-0.40,9.86
7182,0.05,-1.53,1198,1100,1100,1198,-0.37,0.04,10.24
7192,0.05,0.00,1100,1100,1100,1100,0.30,0.65,10.59
7202,0.05,0.00,1100,1100,1100,1100,-0.31,-0.09,9.34
7212,0.05,-1.53,1198,1100,1100,1198,0.34,-0.20,10.16
7222,0.05,0.00,1100,1100,1100,1100,-0.01,0.13,9.99
7232,0.05,-1.56,1199,1100,1100,1199,-0.24,-0.45,11.74
7242,0.05,0.00,1100,1100,1100,1100,0.18,-0.08,10.09
7252,0.05,-1.56,1199,1100,1100,1199,-0.63,0.05,7.55
7262,0.05,-1.59,1200,1100,1100,1200,-0.50,-0.69,9.78
7272,0.05,-1.53,1198,1100,1100,1198,-0.39,0.29,8.67
7282,0.05,-1.59,1200,1100,1100,1200,-0.64,0.41,9.11
7292,0.05,0.00,1100,1100,1100,1100,-0.17,0.13,10.02
7302,0.06,-1.72,1205,1100,1100,1205,-0.35,0.56,9.43
7312,0.05,-1.59,1200,1100,1100,1200,0.07,0.35,8.33
7322,0.05,-1.56,1199,1100,1100,1199,-0.14,-0.17,9.96
7332,0.05,-1.62,1201,1100,1100,1201,-0.38,-0.40,9.76
7342,0.05,-1.53,1198,1100,1100,1198,0.12,-0.05,10.15
7352,0.05,0.00,1100,1100,1100,1100,0.22,-0.09,9.44
7362,0.05,-1.63,1202,1100,1100,1202,-0.23,-0.72,11.42
7372,0.05,0.00,1100,1100,1100,1100,0.17,-0.31,10.52
7382,0.05,-1.56,1199,1100,1100,1199,0.05,0.46,10.81
7392,0.06,-1.68,1203,1100,1100,1203,0.14,0.54,10.72
7402,0.05,-1.52,1198,1100,1100,1198,0.11,0.48,9.84
7412,0.05,0.00,1100,1100,1100,1100,-0.05,-0.75,11.23
7422,0.05,-1.56,1199,1100,1100,1199,0.31,-0.67,11.26
7432,0.05,0.00,1100,1100,1100,1100,-0.11,-0.07,10.10
7442,0.05,0.00,1100,1100,1100,1100,-0.12,0.33,10.85
7452,0.05,0.00,1100,1100,1100,1100,0.15,-0.28,10.62
7462,0.05,0.00,1100,1100,1100,1100,-0.22,-0.28,10.06
7472,0.05,0.00,1100,1100,1100,1100,0.41,0.43,10.12
7482,0.05,-1.59,1200,1100,1100,1200,-0.15,-0.32,9.17
7492,0.05,-1.59,1200,1100,1100,1200,-0.38,0.46,8.63
7502,0.05,0.00,1100,1100,1100,1100,0.03,0.25,8.79
7512,0.05,-1.59,1200,1100,1100,1200,-0.36,-0.25,9.48
7522,0.05,-1.56,1199,1100,1100,1199,0.21,0.43,9.78
7532,0.05,-1.56,1199,1100,1100,1199,0.06,-0.70,11.36
7542,0.05,-1.53,1198,1100,1100,1198,-0.16,0.13,12.03
7552,0.05,0.00,1100,1100,1100,1100,-0.08,-0.68,9.82
7562,0.05,0.00,1100,1100,1100,1100,-0.33,0.35,7.91
7572,0.06,-1.66,1202,1100,1100,1202,0.03,-0.86,12.70
7582,0.05,0.00,1100,1100,1100,1100,-0.46,-1.21,12.25
7592,0.05,-1.59,1200,1100,1100,1200,0.05,0.04,11.45
7602,0.05,-1.56,1199,1100,1100,1199,0.12,0.05,9.11
7612,0.06,-1.68,1203,1100,1100,1203,-0.25,0.11,10.19
7622,0.05,-1.52,1198,1100,1100,1198,-0.66,-1.02,11.55
7632,0.05,-1.59,1200,1100,1100,1200,-0.42,-0.93,10.39
7642,0.05,-1.62,1201,1100,1100,1201,-0.39,-0.04,9.20
7652,0.05,-1.53,1198,1100,1100,1198,0.07,0.26,9.47
7662,0.05,-1.56,1199,1100,1100,1199,0.46,0.09,10.14
7672,0.05,-1.59,1200,1100,1100,1200,-0.26,-0.19,10.54
7682,0.05,-1.62,1201,1100,1100,1201,-0.19,-0.97,10.02
7692,0.06,-1.71,1204,1100,1100,1204,-0.70,-0.62,7.56
7702,0.05,-1.55,1199,1100,1100,1199,0.04,0.20,8.72
7712,0.05,-1.56,1199,1100,1100,1199,0.04,0.23,10.90
7722,0.05,-1.56,1199,1100,1100,1199,-0.48,-0.26,10.39
7732,0.05,0.00,1100,1100,1100,1100,0.12,-0.68,10.38
7742,0.05,-1.59,1200,1100,1100,1200,-0.09,0.04,8.50
7752,0.05,-1.53,1198,1100,1100,1198,-0.14,-0.22,10.80
7762,0.05,-1.59,1200,1100,1100,1200,-0.10,-0.73,10.76
7772,0.05,0.00,1100,1100,1100,1100,-0.53,-0.07,10.53
7782,0.05,-1.59,1200,1100,1100,1200,0.07,-0.17,10.21
7792,0.05,-1.59,1200,1100,1100,1200,-0.16,-0.78,9.23
7802,0.06,-1.65,1202,1100,1100,1202,-0.31,-0.83,11.44
7812,0.06,-1.68,1203,1100,1100,1203,0.18,-1.06,11.23
7822,0.06,-1.65,1202,1100,1100,1202,0.09,-0.53,10.94
7832,0.06,-1.71,1204,1100,1100,1204,0.18,-0.31,9.67
7842,0.06,-1.65,1202,1100,1100,1202,0.56,-0.49,10.02
7852,0.05,-1.59,1200,1100,1100,1200,0.20,-0.80,11.29
7862,0.06,-1.65,1202,1100,1100,1202,0.49,-0.65,11.08
7872,0.05,-1.56,1199,1100,1100,1199,-0.07,0.64,10.37
7882,0.06,-1.68,1203,1100,1100,1203,-0.28,0.22,10.19
7892,0.05,-1.62,1201,1100,1100,1201,0.09,-0.78,9.92
7902,0.05,-1.62,1201,1100,1100,1201,-0.20,-0.79,10.98
7912,0.06,-1.87,1209,1100,1100,1209,-0.33,-0.80,12.40
7922,0.06,-1.67,1203,1100,1100,1203,0.05,-0.25,9.81
7932,0.06,-1.68,1203,1100,1100,1203,-0.16,0.32,8.98
7942,0.06,-1.80,1207,1100,1100,1207,0.31,-0.25,11.14
7952,0.05,-1.58,1200,1100,1100,1200,-0.14,0.07,9.25
7962,0.06,-1.74,1205,1100,1100,1205,0.02,0.18,9.51
7972,0.06,-1.89,1210,1100,1100,1210,0.06,1.15,7.37
7982,0.06,-1.70,1204,1100,1100,1204,-0.29,0.19,9.35
7992,0.06,-1.80,1207,1100,1100,1207,0.30,-1.07,11.79
8002,0.06,-1.71,1204,1100,1100,1204,0.05,-0.64,10.17
8012,0.06,-1.96,1212,1100,1100,1212,-0.20,-0.02,9.71
8022,0.06,-1.86,1209,1100,1100,1209,0.19,0.71,8.63
8032,0.06,-1.67,1203,1100,1100,1203,0.84,0.49,10.93
8042,0.06,-1.80,1207,1100,1100,1207,0.62,-1.13,12.40
8052,0.06,-1.77,1206,1100,1100,1206,-0.46,-0.87,11.53
8062,0.06,-1.80,1207,1100,1100,1207,-0.86,-0.04,8.73
8072,0.06,-1.89,1210,1100,1100,1210,-0.54,0.54,9.07
8082,0.06,-1.73,1205,1100,1100,1205,0.38,-0.16,11.90
8092,0.06,-1.86,1209,1100,1100,1209,0.11,-0.31,11.99
8102,0.06,-1.89,1210,1100,1100,1210,0.59,-0.53,12.44
8112,0.06,-1.89,1210,1100,1100,1210,-0.42,-0.66,7.38
8122,0.06,-1.64,1202,1100,1100,1202,0.23,1.51,5.94
8132,0.07,-2.05,1215,1100,1100,1215,0.66,0.31,10.98
8142,0.07,-1.98,1212,1100,1100,1212,0.57,-1.11,11.29
8152,0.06,-1.86,1209,1100,1100,1209,0.13,-0.46,11.50
8162,0.06,-1.92,1211,1100,1100,1211,-0.69,-0.40,8.37
8172,0.07,-2.08,1215,1100,1100,1215,-0.25,1.24,7.99
8182,0.07,-2.01,1213,1100,1100,1213,0.50,0.17,12.05
8192,0.06,-1.82,1208,1100,1100,1208,0.59,-1.00,13.84
8202,0.07,-2.11,1216,1100,1100,1216,0.66,-1.35,14.15
8212,0.07,-2.13,1217,1100,1100,1217,-0.27,0.20,8.32
8222,0.07,-2.13,1217,1100,1100,1217,-0.38,1.43,6.60
8232,0.07,-2.01,1213,1100,1100,1213,0.00,0.78,8.19
8242,0.07,-2.13,1217,1100,1100,1217,-0.86,-0.26,8.12
8252,0.07,-2.22,1219,1100,1100,1219,-0.11,-0.40,9.05
8262,0.07,-2.19,1218,1100,1100,1218,-0.23,0.14,9.95
8272,0.07,-2.22,1219,1100,1100,1219,-0.25,0.01,11.92
8282,0.08,-2.28,1221,1100,1100,1221,0.06,-0.62,10.57
8292,0.07,-2.16,1218,1100,1100,1218,0.30,-0.38,13.05
8302,0.07,-2.22,1219,1100,1100,1219,0.50,-0.69,13.18
8312,0.08,-2.44,1225,1100,1100,1225,0.36,0.30,8.75
8322,0.08,-2.46,1226,1100,1100,1226,-0.22,0.34,6.82
8332,0.08,-2.27,1221,1100,1100,1221,-0.22,0.48,6.21
8342,0.08,-2.37,1224,1100,1100,1224,-0.43,0.12,9.56
8352,0.08,-2.28,1221,1100,1100,1221,-0.12,-0.46,12.39
8362,0.08,-2.31,1222,1100,1100,1222,-0.25,-0.26,11.02
8372,0.08,-2.34,1223,1100,1100,1223,0.00,0.82,9.02
8382,0.08,-2.46,1226,1100,1100,1226,-0.07,-0.90,10.20
8392,0.08,-2.46,1226,1100,1100,1226,-0.68,-0.65,6.31
8402,0.09,-2.58,1229,1100,1100,1229,0.20,0.40,8.66
8412,0.09,-2.58,1229,1100,1100,1229,0.34,-0.08,11.50
8422,0.09,-2.55,1228,1100,1100,1228,0.08,-0.24,10.10
8432,0.09,-2.71,1232,1100,1100,1232,-0.30,-1.04,12.61
8442,0.09,-2.61,1230,1100,1100,1230,-0.09,-0.80,11.26
8452,0.08,-2.45,1226,1100,1100,1226,-0.52,-0.52,9.10
8462,0.09,-2.65,1231,1100,1100,1231,-0.57,-0.44,8.14
8472,0.09,-2.61,1230,1100,1100,1230,0.12,-0.26,7.63
8482,0.09,-2.61,1230,1100,1100,1230,-0.23,0.11,7.81
8492,0.09,-2.58,1229,1100,1100,1229,1.04,0.63,11.94
8502,0.09,-2.67,1231,1100,1100,1231,0.75,-1.46,16.25
8512,0.09,-2.67,1231,1100,1100,1231,0.24,-1.67,15.09
8522,0.09,-2.64,1230,1100,1100,1230,-0.19,-1.17,13.06
8532,0.10,-2.92,1237,1100,1100,1237,-0.69,0.57,8.80
8542,0.10,-2.91,1237,1100,1100,1237,-0.59,0.45,5.77
8552,0.09,-2.85,1236,1100,1100,1236,-0.27,0.02,7.19
8562,0.10,-2.94,1238,1100,1100,1238,0.15,-1.05,7.48
8572,0.10,-2.88,1236,1100,1100,1236,0.51,-0.39,12.08
8582,0.10,-2.97,1239,1100,1100,1239,0.38,-0.58,14.65
8592,0.10,-3.00,1239,1100,1100,1239,0.20,0.37,12.07
8602,0.10,-3.06,1241,1100,1100,1241,-0.43,-0.68,8.86
8612,0.10,-3.06,1241,1100,1100,1241,0.01,-1.06,12.10
8622,0.10,-3.03,1240,1100,1100,1240,-0.37,-0.33,8.38
8632,0.10,-3.03,1240,1100,1100,1240,-0.80,0.33,5.44
8642,0.10,-2.97,1239,1100,1100,1239,-1.00,0.16,5.87
8652,0.10,-2.97,1239,1100,1100,1239,-0.57,-0.12,6.32
8662,0.10,-2.88,1236,1100,1100,1236,-0.58,-0.39,9.60
8672,0.10,-3.03,1240,1100,1100,1240,0.22,-0.73,10.33
8682,0.10,-3.06,1241,1100,1100,1241,0.71,-0.00,12.13
8692,0.10,-2.97,1239,1100,1100,1239,0.43,-0.18,11.39
8702,0.10,-2.94,1238,1100,1100,1238,0.63,0.52,10.75
8712,0.11,-3.19,1244,1100,1100,1244,-0.50,-0.25,10.53
8722,0.11,-3.33,1247,1100,1100,1247,-0.34,-0.14,11.09
8732,0.10,-3.11,1242,1100,1100,1242,-0.47,-0.86,9.73
8742,0.11,-3.18,1244,1100,1100,1244,-0.46,0.17,8.15
8752,0.11,-3.21,1244,1100,1100,1244,-0.02,1.64,7.25
8762,0.11,-3.24,1245,1100,1100,1245,-0.69,-0.05,9.34
8772,0.11,-3.33,1247,1100,1100,1247,-0.90,-0.96,11.55
8782,0.11,-3.36,1248,1100,1100,1248,-0.52,-0.99,11.27
8792,0.11,-3.36,1248,1100,1100,1248,0.00,-0.19,11.04
8802,0.12,-3.52,1251,1100,1100,1251,-0.50,-0.76,9.01
8812,0.11,-3.32,1247,1100,1100,1247,0.43,0.60,10.62
8822,0.12,-3.58,1253,1100,1100,1253,-0.10,-0.36,11.46
8832,0.11,-3.32,1247,1100,1100,1247,0.77,1.79,9.48
8842,0.11,-3.24,1245,1100,1100,1245,-0.11,-0.12,8.64
8852,0.10,-3.15,1243,1100,1100,1243,0.50,0.66,9.49
8862,0.11,-3.43,1249,1100,1100,1249,-0.02,-0.87,10.38
8872,0.12,-3.57,1253,1100,1100,1253,-0.15,-0.65,9.05
8882,0.12,-3.60,1253,1100,1100,1253,-0.38,-0.17,10.13
8892,0.12,-3.60,1253,1100,1100,1253,0.20,0.29,9.42
8902,0.12,-3.54,1252,1100,1100,1252,-0.55,-0.96,12.60
8912,0.12,-3.69,1255,1100,1100,1255,-0.59,-1.13,10.31
8922,0.12,-3.63,1254,1100,1100,1254,-0.49,0.09,8.27
8932,0.13,-3.82,1258,1100,1100,1258,-0.96,-1.14,10.38
8942,0.12,-3.62,1254,1100,1100,1254,-0.65,-1.40,11.19
8952,0.12,-3.69,1255,1100,1100,1255,-0.99,-0.70,10.16
8962,0.12,-3.60,1253,1100,1100,1253,-0.71,0.39,7.09
8972,0.12,-3.63,1254,1100,1100,1254,-1.13,-0.08,7.43
8982,0.12,-3.57,1252,1100,1100,1252,-1.16,-1.13,12.56
8992,0.12,-3.66,1254,1100,1100,1254,-1.13,-1.36,9.79
9002,0.12,-3.63,1254,1100,1100,1254,-1.55,-0.64,10.73
9012,0.13,-3.82,1258,1100,1100,1258,-1.20,-0.78,11.16
9022,0.13,-3.78,1257,1100,1100,1257,-1.25,-0.32,7.39
9032,0.12,-3.75,1256,1100,1100,1256,-0.46,-0.64,13.07
9042,0.13,-3.78,1257,1100,1100,1257,-0.23,-0.27,10.05
9052,0.13,-3.90,1260,1100,1100,1260,-1.81,-0.58,7.30
9062,0.13,-3.84,1258,1100,1100,1258,-1.63,0.51,4.86
9072,0.13,-3.78,1257,1100,1100,1257,-0.55,1.06,9.08
9082,0.13,-3.90,1260,1100,1100,1260,-1.06,-0.46,8.40
9092,0.12,-3.68,1255,1100,1100,1255,-0.93,0.92,5.68
9102,0.12,-3.75,1256,1100,1100,1256,-1.37,0.42,4.18
9112,0.13,-3.84,1258,1100,1100,1258,-1.36,-0.37,6.38
9122,0.13,-3.81,1258,1100,1100,1258,-1.40,-0.70,9.51
9132,0.13,-3.84,1258,1100,1100,1258,-1.10,-0.97,10.18
9142,0.13,-3.93,1260,1100,1100,1260,-0.71,-0.68,8.47
9152,0.13,-3.84,1258,1100,1100,1258,-0.31,0.00,7.10
9162,0.13,-3.81,1258,1100,1100,1258,-0.99,-0.71,7.11
9172,0.13,-3.81,1258,1100,1100,1258,-1.31,0.14,8.80
9182,0.13,-3.84,1258,1100,1100,1258,-1.59,-0.35,6.26
9192,0.12,-3.75,1256,1100,1100,1256,-1.62,0.48,4.67
9202,0.13,-3.97,1261,1100,1100,1261,-1.73,-0.70,4.27
9212,0.14,-4.15,1265,1100,1100,1265,-0.61,-0.84,8.16
9222,0.13,-4.02,1262,1100,1100,1262,-0.62,-0.51,10.02
9232,0.14,-4.05,1263,1100,1100,1263,-0.03,0.09,11.01
9242,0.14,-4.05,1263,1100,1100,1263,-0.70,-1.13,9.24
9252,0.14,-4.08,1263,1100,1100,1263,0.11,-0.24,9.70
9262,0.14,-4.17,1265,1100,1100,1265,-0.14,-0.63,10.28
9272,0.14,-4.26,1267,1100,1100,1267,-0.87,-0.53,9.47
9282,0.14,-4.11,1264,1100,1100,1264,-0.91,0.23,6.15
9292,0.14,-4.17,1265,1100,1100,1265,-1.49,0.19,5.72
9302,0.14,-4.17,1265,1100,1100,1265,-1.21,-1.22,8.33
9312,0.14,-4.11,1264,1100,1100,1264,-0.76,-0.64,11.42
9322,0.14,-4.26,1267,1100,1100,1267,-0.99,-1.17,11.46
9332,0.14,-4.29,1267,1100,1100,1267,-0.96,0.24,7.92
9342,0.14,-4.26,1267,1100,1100,1267,-1.14,-0.93,9.18
9352,0.15,-4.38,1269,1100,1100,1269,-1.37,-1.53,10.86
9362,0.15,-4.35,1269,1100,1100,1269,0.08,-0.31,10.77
9372,0.14,-4.20,1266,1100,1100,1266,-1.02,-0.45,9.49
9382,0.15,-4.39,1269,1100,1100,1269,-1.03,-0.79,8.84
9392,0.14,-4.22,1266,1100,1100,1266,-0.42,0.79,7.34
9402,0.15,-4.45,1271,1100,1100,1271,-0.59,-0.05,6.96
9412,0.14,-4.28,1267,1100,1100,1267,-1.13,-0.39,7.90
9422,0.15,-4.48,1271,1100,1100,1271,-1.27,-0.52,6.59
9432,0.15,-4.44,1270,1100,1100,1270,-1.62,-0.23,4.70
9442,0.14,-4.32,1268,1100,1100,1268,-0.98,-1.53,9.06
9452,0.15,-4.63,1274,1100,1100,1274,-1.04,-0.83,8.87
9462,0.15,-4.62,1274,1100,1100,1274,-0.84,0.38,5.70
9472,0.15,-4.53,1272,1100,1100,1272,-0.48,0.11,7.76
9482,0.15,-4.62,1274,1100,1100,1274,-1.06,-0.21,7.41
9492,0.15,-4.59,1273,1100,1100,1273,-0.58,-0.14,6.70
9502,0.15,-4.53,1272,1100,1100,1272,-1.48,0.01,6.15
9512,0.16,-4.78,1277,1100,1100,1277,-1.24,0.03,7.00
9522,0.16,-4.83,1278,1100,1100,1278,-1.33,-0.46,7.71
9532,0.16,-4.64,1274,1100,1100,1274,-2.47,-1.10,7.76
9542,0.16,-4.80,1277,1100,1100,1277,-2.09,-0.81,15.52
9552,0.16,-4.68,1275,1100,1100,1275,0.70,-1.93,17.70
9562,0.16,-4.71,1276,1100,1100,1276,1.27,-0.74,17.02
9572,0.16,-4.65,1274,1100,1100,1274,1.33,-1.33,17.27
9582,0.16,-4.90,1279,1100,1100,1279,0.86,-1.14,15.81
9592,0.16,-4.67,1275,1100,1100,1275,2.05,0.62,12.28
9602,0.16,-4.80,1277,1100,1100,1277,2.23,0.14,12.96
9612,0.17,-5.05,1282,1100,1100,1282,1.86,0.85,12.89
9622,0.16,-4.79,1277,1100,1100,1277,1.87,-0.41,14.03
9632,0.17,-5.02,1281,1100,1100,1281,2.17,-0.33,3.94
9642,0.16,-4.89,1279,1100,1100,1279,-1.60,0.77,3.06
9652,0.17,-5.05,1282,1100,1100,1282,-1.51,-0.15,3.88
9662,0.17,-5.10,1283,1100,1100,1283,-2.00,-0.01,4.91
9672,0.16,-4.76,1277,1100,1100,1277,-2.04,0.32,2.55
9682,0.17,-5.05,1282,1100,1100,1282,-2.28,-0.96,9.51
9692,0.16,-4.85,1278,1100,1100,1278,-1.42,-1.11,9.90
9702,0.16,-4.92,1280,1100,1100,1280,-0.62,-0.72,9.87
9712,0.18,-5.32,1287,1100,1100,1287,-0.19,-0.92,12.88
9722,0.17,-5.09,1283,1100,1100,1283,0.05,-0.93,12.99
9732,0.17,-5.22,1285,1100,1100,1285,2.38,-0.60,17.11
9742,0.17,-4.97,1281,1100,1100,1281,2.44,0.82,16.48
9752,0.17,-5.17,1284,1100,1100,1284,2.52,-0.06,16.94
9762,0.18,-5.41,1288,1100,1100,1288,2.52,-1.15,17.88
9772,0.18,-5.43,1289,1100,1100,1289,2.79,0.53,7.84
9782,0.18,-5.37,1288,1100,1100,1288,-0.38,0.04,7.26
9792,0.18,-5.43,1289,1100,1100,1289,-1.11,0.72,6.11
9802,0.17,-5.24,1286,1100,1100,1286,-1.22,0.55,5.03
9812,0.18,-5.28,1286,1100,1100,1286,-0.47,0.83,4.76
9822,0.18,-5.40,1288,1100,1100,1288,-1.56,-0.77,4.26
9832,0.18,-5.40,1288,1100,1100,1288,-2.05,-0.60,4.72
9842,0.18,-5.49,1290,1100,1100,1290,-2.53,-1.58,7.82
9852,0.18,-5.43,1289,1100,1100,1289,-2.20,0.52,7.06
9862,0.19,-5.62,1292,1100,1100,1292,-2.35,-1.25,16.67
9872,0.19,-5.58,1291,1100,1100,1291,1.69,-0.38,16.58
9882,0.19,-5.70,1294,1100,1100,1294,1.76,-0.68,15.17
9892,0.19,-5.79,1295,1100,1100,1295,1.56,0.33,14.38
9902,0.19,-5.70,1294,1100,1100,1294,1.40,-0.20,14.28
9912,0.19,-5.67,1293,1100,1100,1293,2.77,-0.02,7.04
9922,0.19,-5.61,1292,1100,1100,1292,1.01,-0.30,12.34
9932,0.19,-5.76,1295,1100,1100,1295,0.47,-0.14,12.03
9942,0.19,-5.76,1295,1100,1100,1295,-0.36,0.55,8.07
9952,0.20,-5.98,1298,1100,1100,1298,-0.82,-0.43,9.79
9962,0.19,-5.69,1293,1100,1100,1293,-0.84,-0.18,7.50
9972,0.20,-5.86,1296,1100,1100,1296,-1.00,-0.11,7.46
9982,0.20,-5.94,1298,1100,1100,1298,-1.29,-0.46,8.75
9992,0.19,-5.75,1295,1100,1100,1295,-0.33,-0.94,11.05
10002,0.20,-6.01,1299,1100,1100,1299,-0.03,0.41,15.87
10012,0.20,-5.91,1297,1100,1100,1297,1.45,0.78,13.76
10022,0.20,-6.06,1300,1100,1100,1300,1.54,-0.05,14.89
10032,0.20,-6.00,1299,1100,1100,1299,-0.17,-0.92,11.99
10042,0.19,-5.81,1296,1100,1100,1296,-0.16,0.31,10.53
10052,0.21,-6.29,1303,1100,1100,1303,-0.92,-0.17,6.88
10062,0.20,-6.02,1299,1100,1100,1299,-1.37,0.22,6.89
10072,0.20,-6.09,1300,1100,1100,1300,-0.43,0.37,5.83
10082,0.21,-6.18,1302,1100,1100,1302,0.06,0.88,7.51
10092,0.21,-6.40,1305,1100,1100,1305,1.29,1.44,11.89
10102,0.21,-6.20,1302,1100,1100,1302,0.33,0.05,10.94
10112,0.20,-6.12,1301,1100,1100,1301,-0.43,0.57,9.73
10122,0.21,-6.31,1304,1100,1100,1304,-0.66,-0.35,8.11
10132,0.21,-6.15,1301,1100,1100,1301,-1.09,-0.21,8.86
10142,0.20,-6.12,1301,1100,1100,1301,-2.31,0.57,11.77
10152,0.21,-6.34,1304,1100,1100,1304,0.48,0.25,10.12
10162,0.21,-6.39,1305,1100,1100,1305,0.85,-0.19,12.57
10172,0.22,-6.51,1307,1100,1100,1307,1.72,-0.74,16.58
10182,0.21,-6.26,1303,1100,1100,1303,2.13,-0.83,16.32
10192,0.21,-6.24,1303,1100,1100,1303,1.51,-0.55,7.33
10202,0.22,-6.52,1307,1100,1100,1307,-0.62,0.61,6.63
10212,0.22,-6.48,1307,1100,1100,1307,-1.52,0.67,4.50
10222,0.22,-6.60,1309,1100,1100,1309,-1.32,1.86,2.60
10232,0.22,-6.60,1309,1100,1100,1309,-0.07,0.78,6.69
10242,0.22,-6.63,1309,1100,1100,1309,1.76,0.05,13.52
10252,0.22,-6.54,1308,1100,1100,1308,2.03,-0.42,14.51
10262,0.22,-6.66,1310,1100,1100,1310,0.85,-1.19,12.15
10272,0.22,-6.54,1308,1100,1100,1308,-0.20,-0.38,10.80
10282,0.22,-6.73,1311,1100,1100,1311,-0.65,-1.25,5.88
10292,0.23,-6.87,1313,1100,1100,1313,-0.53,-0.43,12.21
10302,0.22,-6.59,1308,1100,1100,1308,0.34,0.49,12.19
10312,0.22,-6.66,1310,1100,1100,1310,0.40,-0.11,8.70
10322,0.23,-6.88,1313,1100,1100,1313,0.30,-0.11,8.92
10332,0.22,-6.72,1310,1100,1100,1310,0.76,-0.61,4.61
10342,0.23,-6.78,1311,1100,1100,1311,-1.48,-0.98,6.67
10352,0.23,-6.97,1314,1100,1100,1314,-1.30,-0.10,6.42
10362,0.23,-6.80,1312,1100,1100,1312,-0.93,-0.32,7.52
10372,0.22,-6.75,1311,1100,1100,1311,0.49,0.15,11.64
10382,0.24,-7.09,1316,1100,1100,1316,0.72,-0.44,13.37
10392,0.23,-6.83,1312,1100,1100,1312,0.17,-0.51,10.87
10402,0.23,-6.93,1314,1100,1100,1314,-1.32,-1.28,9.73
10412,0.24,-7.36,1321,1100,1100,1321,-1.44,0.27,8.06
10422,0.24,-7.10,1317,1100,1100,1317,-1.73,-0.72,11.49
10432,0.24,-7.20,1318,1100,1100,1318,0.71,0.42,12.52
10442,0.24,-7.29,1319,1100,1100,1319,0.77,-1.14,13.05
10452,0.24,-7.35,1320,1100,1100,1320,0.49,-1.11,15.50
10462,0.24,-7.13,1317,1100,1100,1317,-0.06,-0.32,10.52
10472,0.24,-7.20,1318,1100,1100,1318,-0.15,-0.64,7.57
10482,0.24,-7.32,1320,1100,1100,1320,-0.48,-0.55,9.86
10492,0.24,-7.20,1318,1100,1100,1318,-0.66,0.18,9.90
10502,0.24,-7.32,1320,1100,1100,1320,-0.88,0.52,5.92
10512,0.24,-7.29,1319,1100,1100,1319,-0.85,-0.27,9.00
10522,0.24,-7.17,1317,1100,1100,1317,0.49,-0.55,9.00
10532,0.25,-7.42,1321,1100,1100,1321,0.45,0.10,9.54
10542,0.24,-7.29,1319,1100,1100,1319,0.12,-0.60,9.92
10552,0.24,-7.26,1319,1100,1100,1319,0.42,0.25,11.68
10562,0.25,-7.48,1322,1100,1100,1322,-0.37,-0.62,10.14
10572,0.25,-7.47,1322,1100,1100,1322,-0.37,-1.15,9.34
10582,0.25,-7.38,1321,1100,1100,1321,-0.80,-1.02,8.28
10592,0.25,-7.60,1324,1100,1100,1324,-0.35,0.01,10.64
10602,0.24,-7.31,1320,1100,1100,1320,-1.02,-0.29,8.69
10612,0.25,-7.41,1321,1100,1100,1321,-0.27,0.75,8.20
10622,0.25,-7.60,1324,1100,1100,1324,-0.37,-0.73,9.14
10632,0.25,-7.43,1322,1100,1100,1322,0.61,0.05,9.52
10642,0.25,-7.56,1324,1100,1100,1324,0.01,-0.10,11.16
10652,0.25,-7.53,1323,1100,1100,1323,-0.46,-1.02,14.67
10662,0.25,-7.62,1324,1100,1100,1324,0.59,-0.40,13.06
10672,0.26,-7.71,1326,1100,1100,1326,-0.06,-0.71,11.11
10682,0.25,-7.46,1322,1100,1100,1322,0.46,0.99,6.98
10692,0.25,-7.53,1323,1100,1100,1323,-0.49,-1.40,8.92
10702,0.26,-7.69,1325,1100,1100,1325,-0.70,-0.18,14.00
10712,0.26,-7.80,1327,1100,1100,1327,0.57,-0.11,11.56
10722,0.25,-7.46,1322,1100,1100,1322,0.37,0.43,7.37
10732,0.25,-7.66,1325,1100,1100,1325,0.16,-0.57,8.06
10742,0.25,-7.62,1324,1100,1100,1324,0.64,-0.33,11.96
10752,0.26,-7.71,1326,1100,1100,1326,-1.07,-0.05,12.93
10762,0.26,-7.68,1325,1100,1100,1325,-0.45,0.46,10.39
10772,0.25,-7.56,1323,1100,1100,1323,-0.39,-0.91,6.47
10782,0.26,-7.81,1327,1100,1100,1327,0.02,-0.63,9.48
10792,0.26,-7.71,1326,1100,1100,1326,-0.88,-1.19,8.24
10802,0.26,-7.71,1326,1100,1100,1326,1.04,0.71,14.18
10812,0.26,-7.77,1327,1100,1100,1327,1.10,1.18,11.96
10822,0.27,-7.96,1329,1100,1100,1329,1.19,0.20,9.53
10832,0.26,-7.70,1326,1100,1100,1326,0.04,-0.80,10.44
10842,0.26,-7.80,1327,1100,1100,1327,-0.30,-0.95,9.94
10852,0.26,-7.77,1327,1100,1100,1327,-0.46,0.57,9.08
10862,0.26,-7.92,1329,1100,1100,1329,0.23,0.63,11.53
10872,0.26,-7.76,1327,1100,1100,1327,0.81,0.23,12.90
10882,0.26,-7.89,1328,1100,1100,1328,0.33,-0.95,8.27
10892,0.26,-7.70,1326,1100,1100,1326,-0.41,0.09,10.73
10902,0.26,-7.90,1328,1100,1100,1328,0.87,0.50,13.71
10912,0.27,-8.01,1330,1100,1100,1330,0.71,-0.54,13.54
10922,0.27,-7.98,1330,1100,1100,1330,0.32,1.33,9.23
10932,0.27,-7.98,1330,1100,1100,1330,0.14,0.90,6.07
10942,0.27,-8.01,1330,1100,1100,1330,-1.17,0.41,8.19
10952,0.26,-7.92,1329,1100,1100,1329,0.10,0.08,12.96
10962,0.26,-7.86,1328,1100,1100,1328,0.44,-0.52,13.03
10972,0.27,-8.23,1333,1100,1100,1333,1.57,1.13,13.42
10982,0.27,-7.97,1330,1100,1100,1330,0.07,-0.44,9.87
10992,0.27,-7.98,1330,1100,1100,1330,0.16,0.60,12.97
11002,0.27,-7.98,1330,1100,1100,1330,0.45,-0.05,11.56
11012,0.27,-8.07,1331,1100,1100,1331,1.39,1.61,7.92
11022,0.27,-8.10,1331,1100,1100,1331,0.14,-0.33,9.58
11032,0.26,-7.79,1327,1100,1100,1327,-0.74,-0.40,8.94
11042,0.27,-8.14,1332,1100,1100,1332,-0.11,-0.26,10.42
11052,0.27,-8.07,1331,1100,1100,1331,0.41,0.38,11.39
11062,0.28,-8.29,1334,1100,1100,1334,-0.05,-1.11,9.85
11072,0.26,-7.91,1329,1100,1100,1329,-1.05,-1.78,9.62
11082,0.28,-8.39,1336,1100,1100,1336,0.96,0.05,12.25
11092,0.27,-8.06,1331,1100,1100,1331,1.04,0.15,11.85
11102,0.27,-8.16,1332,1100,1100,1332,-0.05,-0.04,8.83
11112,0.28,-8.25,1334,1100,1100,1334,-1.38,-1.64,6.89
11122,0.27,-8.16,1332,1100,1100,1332,-0.33,0.34,9.93
11132,0.27,-8.04,1331,1100,1100,1331,0.09,-0.09,8.44
11142,0.28,-8.35,1335,1100,1100,1335,-1.38,-0.72,5.40
11152,0.27,-8.15,1332,1100,1100,1332,-0.93,-0.62,7.90
11162,0.27,-8.22,1333,1100,1100,1333,0.59,0.21,12.07
11172,0.27,-8.22,1333,1100,1100,1333,0.82,-0.28,9.30
11182,0.28,-8.41,1336,1100,1100,1336,-0.18,-1.12,10.19
11192,0.27,-8.15,1332,1100,1100,1332,-0.90,-2.19,12.28
11202,0.28,-8.31,1335,1100,1100,1335,0.41,0.40,10.09
11212,0.28,-8.56,1338,1100,1100,1338,0.96,0.36,10.07
11222,0.27,-8.18,1333,1100,1100,1333,-0.73,-0.81,11.41
11232,0.28,-8.28,1334,1100,1100,1334,-0.87,0.10,7.14
11242,0.27,-8.22,1333,1100,1100,1333,-1.08,0.64,7.21
11252,0.29,-8.59,1338,1100,1100,1338,0.71,1.01,8.42
11262,0.29,-8.67,1340,1100,1100,1340,-0.03,-0.68,9.01
11272,0.28,-8.42,1336,1100,1100,1336,-0.59,0.14,9.97
11282,0.28,-8.46,1337,1100,1100,1337,0.42,-0.49,10.59
11292,0.28,-8.52,1338,1100,1100,1338,1.26,0.29,11.48
11302,0.28,-8.49,1337,1100,1100,1337,0.19,0.13,11.57
11312,0.28,-8.49,1337,1100,1100,1337,-0.93,-0.18,11.32
11322,0.29,-8.65,1339,1100,1100,1339,0.76,0.75,11.18
11332,0.28,-8.49,1337,1100,1100,1337,0.26,0.20,7.10
11342,0.28,-8.52,1337,1100,1100,1337,-0.81,-0.89,6.89
11352,0.28,-8.46,1337,1100,1100,1337,-1.29,-0.42,8.76
11362,0.29,-8.65,1339,1100,1100,1339,1.40,1.79,8.19
11372,0.28,-8.55,1338,1100,1100,1338,0.68,-0.97,10.31
11382,0.29,-8.83,1342,1100,1100,1342,-0.68,-0.52,10.24
11392,0.29,-8.79,1341,1100,1100,1341,0.09,-1.21,10.72
11402,0.29,-8.67,1340,1100,1100,1340,0.52,-0.69,8.80
11412,0.29,-8.79,1341,1100,1100,1341,0.20,-0.27,10.31
11422,0.29,-8.70,1340,1100,1100,1340,-0.21,-1.19,11.83
11432,0.29,-8.64,1339,1100,1100,1339,-0.65,-0.72,10.85
11442,0.29,-8.76,1341,1100,1100,1341,0.89,0.88,11.68
11452,0.29,-8.73,1340,1100,1100,1340,-0.81,-1.66,10.43
11462,0.30,-8.95,1343,1100,1100,1343,-1.36,-0.70,10.59
11472,0.30,-9.00,1344,1100,1100,1344,0.72,0.68,11.51
11482,0.30,-8.94,1343,1100,1100,1343,1.75,0.24,11.77
11492,0.29,-8.85,1342,1100,1100,1342,0.63,0.24,12.08
11502,0.30,-8.94,1343,1100,1100,1343,0.24,-1.37,11.86
11512,0.31,-9.19,1347,1100,1100,1347,1.50,0.60,11.95
11522,0.30,-8.87,1342,1100,1100,1342,1.93,1.35,10.90
11532,0.30,-8.91,1343,1100,1100,1343,0.46,0.25,6.69
11542,0.30,-9.13,1346,1100,1100,1346,-0.83,-0.74,11.11
11552,0.30,-8.90,1343,1100,1100,1343,2.22,1.18,13.01
11562,0.30,-9.16,1346,1100,1100,1346,0.89,1.37,6.42
11572,0.31,-9.21,1347,1100,1100,1347,-2.45,-1.65,5.04
11582,0.30,-9.12,1346,1100,1100,1346,-1.37,-1.49,10.56
11592,0.30,-9.15,1346,1100,1100,1346,0.56,0.71,7.97
11602,0.31,-9.27,1348,1100,1100,1348,-0.09,0.97,8.45
11612,0.31,-9.21,1347,1100,1100,1347,-1.72,-2.13,10.60
11622,0.31,-9.18,1347,1100,1100,1347,-0.99,-1.21,11.44
11632,0.31,-9.43,1350,1100,1100,1350,1.67,0.62,7.28
11642,0.31,-9.45,1350,1100,1100,1350,-0.54,-1.48,9.85
11652,0.31,-9.33,1349,1100,1100,1349,-1.53,-0.78,11.38
11662,0.31,-9.45,1350,1100,1100,1350,-0.47,-1.22,9.86
11672,0.32,-9.54,1352,1100,1100,1352,1.18,3.03,6.30
11682,0.32,-9.54,1351,1100,1100,1351,-0.16,-1.22,10.05
11692,0.32,-9.63,1353,1100,1100,1353,0.35,-0.54,13.05
11702,0.32,-9.63,1353,1100,1100,1353,0.48,0.72,7.84
11712,0.32,-9.48,1351,1100,1100,1351,-0.05,-0.22,11.97
11722,0.31,-9.45,1350,1100,1100,1350,-1.28,-0.79,11.81
11732,0.33,-9.76,1354,1100,1100,1354,0.93,0.44,7.86
11742,0.32,-9.66,1353,1100,1100,1353,0.81,1.13,8.91
11752,0.32,-9.66,1353,1100,1100,1353,-0.12,-0.73,10.36
11762,0.33,-9.91,1356,1100,1100,1356,0.01,0.45,9.29
11772,0.33,-9.75,1354,1100,1100,1354,1.34,0.73,8.23
11782,0.32,-9.66,1353,1100,1100,1353,-2.38,-2.15,9.40
11792,0.33,-9.94,1357,1100,1100,1357,-0.18,-0.43,10.05
11802,0.33,-9.87,1356,1100,1100,1356,1.10,0.52,9.45
11812,0.33,-9.96,1357,1100,1100,1357,-1.13,-1.49,9.90
11822,0.33,-9.99,1357,1100,1100,1357,-0.66,0.95,9.66
11832,0.34,-10.08,1359,1100,1100,1359,1.49,-0.11,11.69
11842,0.34,-10.11,1359,1100,1100,1359,-1.21,-1.23,12.52
11852,0.34,-10.33,1362,1100,1100,1362,0.43,0.31,13.12
11862,0.34,-10.26,1361,1100,1100,1361,1.34,-0.60,10.17
11872,0.34,-10.17,1360,1100,1100,1360,-1.53,0.19,10.95
11882,0.33,-9.98,1357,1100,1100,1357,-0.23,0.86,4.69
11892,0.34,-10.30,1361,1100,1100,1361,-0.17,0.85,2.81
11902,0.34,-10.07,1359,1100,1100,1359,-1.89,-0.69,8.74
11912,0.34,-10.20,1360,1100,1100,1360,-0.89,-0.60,8.69
11922,0.34,-10.26,1361,1100,1100,1361,-0.25,-0.14,10.63
11932,0.35,-10.38,1363,1100,1100,1363,-1.72,0.27,10.85
11942,0.34,-10.07,1358,1100,1100,1358,-0.28,-0.88,10.00
11952,0.34,-10.17,1360,1100,1100,1360,1.04,-0.32,11.44
11962,0.35,-10.51,1364,1100,1100,1364,0.63,-0.15,13.94
11972,0.34,-10.35,1362,1100,1100,1362,0.59,-0.51,11.11
11982,0.35,-10.44,1363,1100,1100,1363,0.97,0.34,12.05
11992,0.35,-10.66,1366,1100,1100,1366,-0.69,-0.50,13.08
12002,0.34,-10.31,1362,1100,1100,1362,-1.74,0.28,7.06
12012,0.35,-10.51,1364,1100,1100,1364,-0.19,0.01,9.47
12022,0.34,-10.28,1361,1100,1100,1361,-0.99,0.33,10.54
12032,0.35,-10.54,1365,1100,1100,1365,-0.00,-1.11,9.10
12042,0.35,-10.44,1363,1100,1100,1363,1.01,-0.56,10.51
12052,0.34,-10.35,1362,1100,1100,1362,0.68,0.14,10.74
12062,0.34,-10.29,1361,1100,1100,1361,-0.19,-1.32,10.20
12072,0.35,-10.60,1365,1100,1100,1365,0.60,1.20,6.81
12082,0.35,-10.37,1362,1100,1100,1362,-0.02,0.76,7.56
12092,0.36,-10.84,1368,1100,1100,1368,-1.27,-1.93,10.76
12102,0.35,-10.61,1365,1100,1100,1365,0.51,0.47,11.13
12112,0.36,-10.96,1370,1100,1100,1370,-2.02,-0.55,8.98
12122,0.36,-10.73,1367,1100,1100,1367,-1.05,-1.65,12.84
12132,0.36,-10.80,1368,1100,1100,1368,0.37,-0.26,11.52
12142,0.36,-10.77,1367,1100,1100,1367,-0.83,0.62,8.80
12152,0.36,-10.96,1370,1100,1100,1370,0.54,-1.42,12.72
12162,0.36,-10.67,1366,1100,1100,1366,0.40,0.89,7.70
12172,0.35,-10.59,1365,1100,1100,1365,-0.97,-0.15,9.11
12182,0.36,-10.90,1369,1100,1100,1369,0.54,-0.78,11.82
12192,0.36,-10.74,1367,1100,1100,1367,1.05,0.17,7.75
12202,0.37,-11.02,1371,1100,1100,1371,-0.36,-0.63,11.52
12212,0.37,-10.98,1370,1100,1100,1370,0.16,-0.56,7.71
12222,0.36,-10.70,1367,1100,1100,1367,-1.27,0.24,8.56
12232,0.37,-11.02,1371,1100,1100,1371,-0.94,-0.20,13.00
12242,0.37,-11.10,1372,1100,1100,1372,1.15,1.56,7.74
12252,0.38,-11.32,1374,1100,1100,1374,-0.25,-0.55,12.51
12262,0.37,-11.06,1371,1100,1100,1371,1.20,-1.10,13.97
12272,0.37,-11.13,1372,1100,1100,1372,0.43,0.61,8.86
12282,0.37,-10.97,1370,1100,1100,1370,-1.50,-0.25,9.55
12292,0.37,-11.04,1371,1100,1100,1371,0.05,0.58,7.11
12302,0.36,-10.92,1369,1100,1100,1369,-0.97,-0.07,13.14
12312,0.37,-11.01,1370,1100,1100,1370,0.32,-0.65,14.49
12322,0.37,-11.10,1372,1100,1100,1372,0.40,-0.30,8.97
12332,0.37,-11.01,1370,1100,1100,1370,-1.15,-0.79,12.87
12342,0.38,-11.35,1375,1100,1100,1375,0.92,0.04,9.94
12352,0.38,-11.37,1375,1100,1100,1375,-1.20,-1.24,10.62
12362,0.38,-11.34,1375,1100,1100,1375,-0.11,-0.29,13.75
12372,0.37,-11.25,1373,1100,1100,1373,0.30,-0.03,10.03
12382,0.37,-11.19,1373,1100,1100,1373,-0.85,0.81,12.77
12392,0.37,-11.19,1373,1100,1100,1373,0.85,1.01,3.28
12402,0.38,-11.50,1376,1100,1100,1376,-1.26,-0.95,5.50
12412,0.37,-11.24,1373,1100,1100,1373,-0.37,0.85,11.71
12422,0.38,-11.44,1376,1100,1100,1376,0.84,-0.08,8.08
12432,0.37,-11.00,1370,1100,1100,1370,-1.28,0.56,12.14
12442,0.38,-11.29,1374,1100,1100,1374,0.84,-0.44,10.70
12452,0.38,-11.40,1375,1100,1100,1375,-0.75,-1.03,8.21
12462,0.38,-11.31,1374,1100,1100,1374,-0.93,0.58,13.72
12472,0.40,-11.90,1381,1100,1100,1381,1.63,0.36,10.18
12482,0.37,-11.23,1373,1100,1100,1373,-0.24,0.53,12.76
12492,0.38,-11.40,1375,1100,1100,1375,1.11,0.61,11.66
12502,0.38,-11.31,1374,1100,1100,1374,-0.11,-1.18,7.72
12512,0.37,-11.16,1372,1100,1100,1372,-1.44,0.33,9.98
12522,0.37,-11.25,1373,1100,1100,1373,0.53,-1.19,7.55
12532,0.37,-11.22,1373,1100,1100,1373,-0.65,0.33,10.75
12542,0.38,-11.37,1375,1100,1100,1375,0.67,0.23,11.29
12552,0.38,-11.46,1376,1100,1100,1376,0.03,-2.26,9.32
12562,0.38,-11.43,1376,1100,1100,1376,-0.98,0.27,10.59
12572,0.37,-11.09,1371,1100,1100,1371,-0.55,-0.87,7.41
12582,0.38,-11.53,1377,1100,1100,1377,-1.34,0.65,9.47
12592,0.39,-11.80,1380,1100,1100,1380,0.70,0.21,10.13
12602,0.37,-11.23,1373,1100,1100,1373,-0.15,-1.40,5.99
12612,0.38,-11.47,1376,1100,1100,1376,-0.65,0.69,11.70
12622,0.38,-11.43,1376,1100,1100,1376,-0.08,-1.01,7.90
12632,0.39,-11.71,1379,1100,1100,1379,-0.72,0.61,13.81
12642,0.39,-11.76,1380,1100,1100,1380,1.28,0.41,13.61
12652,0.38,-11.33,1374,1100,1100,1374,0.34,-1.32,7.41
12662,0.40,-11.90,1381,1100,1100,1381,-0.99,-0.28,15.94
12672,0.39,-11.63,1378,1100,1100,1378,1.10,-1.47,9.28
12682,0.39,-11.70,1379,1100,1100,1379,-0.82,0.41,12.50
12692,0.39,-11.58,1377,1100,1100,1377,1.08,-0.53,13.51
12702,0.39,-11.67,1379,1100,1100,1379,0.48,-0.86,11.03
12712,0.40,-12.04,1383,1100,1100,1383,0.10,-0.92,14.35
12722,0.39,-11.75,1380,1100,1100,1380,0.79,0.05,5.61
12732,0.40,-12.10,1384,1100,1100,1384,-1.68,0.99,5.62
12742,0.40,-11.97,1382,1100,1100,1382,-0.91,-0.27,9.14
12752,0.40,-12.03,1383,1100,1100,1383,1.37,-0.25,7.60
12762,0.39,-11.66,1378,1100,1100,1378,-0.68,-0.90,12.30
12772,0.40,-11.98,1382,1100,1100,1382,0.74,-0.44,8.33
12782,0.40,-12.09,1384,1100,1100,1384,-1.07,0.02,8.37
12792,0.40,-11.97,1382,1100,1100,1382,-1.18,-0.28,11.65
12802,0.40,-12.09,1384,1100,1100,1384,-1.19,-0.33,10.03
12812,0.40,-12.06,1383,1100,1100,1383,-0.34,-0.14,12.32
12822,0.40,-12.00,1382,1100,1100,1382,0.78,0.81,7.74
12832,0.39,-11.69,1379,1100,1100,1379,-0.97,-1.25,12.25
12842,0.40,-12.04,1383,1100,1100,1383,-1.06,-0.72,10.33
12852,0.40,-12.00,1382,1100,1100,1382,-0.30,0.01,8.03
12862,0.40,-11.97,1382,1100,1100,1382,-0.89,0.24,12.35
12872,0.40,-11.88,1381,1100,1100,1381,1.16,-0.02,7.93
12882,0.40,-12.03,1383,1100,1100,1383,-0.40,0.37,6.19
12892,0.41,-12.15,1384,1100,1100,1384,-1.26,-0.41,6.61
12902,0.40,-12.06,1383,1100,1100,1383,-0.05,-0.24,6.84
12912,0.41,-12.28,1386,1100,1100,1386,-1.66,-0.60,13.60
12922,0.41,-12.43,1388,1100,1100,1388,0.87,0.07,11.64
12932,0.41,-12.17,1385,1100,1100,1385,0.16,-1.24,8.73
12942,0.40,-12.06,1383,1100,1100,1383,1.42,-0.32,13.39
12952,0.41,-12.31,1386,1100,1100,1386,1.39,-0.47,8.75
12962,0.42,-12.52,1389,1100,1100,1389,-0.90,-0.71,14.77
12972,0.41,-12.20,1385,1100,1100,1385,-0.11,-1.23,12.99
12982,0.41,-12.15,1384,1100,1100,1384,0.61,0.60,12.97
12992,0.41,-12.37,1387,1100,1100,1387,-0.54,-0.49,12.02
13002,0.41,-12.27,1386,1100,1100,1386,0.13,0.07,5.68
13012,0.41,-12.27,1386,1100,1100,1386,-1.75,-0.07,8.46
13022,0.41,-12.30,1386,1100,1100,1386,-0.48,0.74,9.65
13032,0.42,-12.58,1389,1100,1100,1389,0.46,-0.06,7.25
13042,0.41,-12.29,1386,1100,1100,1386,0.49,1.46,11.45
13052,0.41,-12.15,1384,1100,1100,1384,0.39,-1.66,7.86
13062,0.42,-12.49,1388,1100,1100,1388,-0.39,0.63,11.52
13072,0.42,-12.57,1389,1100,1100,1389,0.90,0.69,14.22
13082,0.41,-12.45,1388,1100,1100,1388,-1.06,0.96,11.19
13092,0.43,-12.82,1392,1100,1100,1392,-0.14,-1.14,13.45
13102,0.42,-12.72,1391,1100,1100,1391,0.45,-1.42,9.94
13112,0.43,-12.84,1392,1100,1100,1392,-1.26,-0.08,15.28
13122,0.42,-12.56,1389,1100,1100,1389,0.21,-0.10,10.51
13132,0.42,-12.72,1391,1100,1100,1391,-0.91,0.37,12.72
13142,0.43,-12.84,1392,1100,1100,1392,0.38,-0.65,9.09
13152,0.42,-12.72,1391,1100,1100,1391,-1.04,1.21,5.40
13162,0.42,-12.72,1391,1100,1100,1391,-1.66,0.17,8.20
13172,0.41,-12.44,1388,1100,1100,1388,-0.02,0.70,7.31
13182,0.43,-12.79,1392,1100,1100,1392,-0.31,0.30,5.41
13192,0.43,-12.81,1392,1100,1100,1392,-0.64,-0.07,6.21
13202,0.43,-12.90,1393,1100,1100,1393,0.17,1.07,11.66
13212,0.41,-12.43,1388,1100,1100,1388,1.23,0.06,9.83
13222,0.43,-12.95,1394,1100,1100,1394,-0.23,0.53,10.15
13232,0.41,-12.15,1384,1100,1100,1384,0.18,-0.27,8.49
13242,0.41,-12.46,1388,1100,1100,1388,-1.17,-1.03,11.28
13252,0.42,-12.70,1391,1100,1100,1391,0.33,-0.54,12.21
13262,0.42,-12.66,1390,1100,1100,1390,-0.37,-0.73,13.11
13272,0.42,-12.66,1390,1100,1100,1390,0.65,-0.52,8.97
13282,0.43,-13.03,1395,1100,1100,1395,-1.41,-0.20,11.42
13292,0.43,-12.96,1394,1100,1100,1394,0.05,0.07,8.74
13302,0.43,-12.90,1393,1100,1100,1393,-0.94,-0.02,5.51
13312,0.42,-12.71,1391,1100,1100,1391,-1.20,-0.02,6.64
13322,0.42,-12.75,1391,1100,1100,1391,0.05,-0.06,8.01
13332,0.43,-12.84,1392,1100,1100,1392,0.31,-0.00,13.71
13342,0.43,-12.96,1394,1100,1100,1394,0.39,-0.34,10.31
13352,0.42,-12.65,1390,1100,1100,1390,-0.62,-0.39,10.87
13362,0.42,-12.75,1391,1100,1100,1391,-0.95,-1.03,7.45
13372,0.43,-13.03,1395,1100,1100,1395,-0.43,0.54,10.84
13382,0.43,-12.90,1393,1100,1100,1393,0.80,-0.77,9.33
13392,0.44,-13.12,1396,1100,1100,1396,-0.80,-0.88,11.53
13402,0.44,-13.08,1395,1100,1100,1395,-0.68,-0.66,12.73
13412,0.44,-13.14,1396,1100,1100,1396,-1.01,-0.02,9.97
13422,0.43,-13.02,1394,1100,1100,1394,-0.26,0.43,7.04
13432,0.42,-12.74,1391,1100,1100,1391,-0.96,0.09,4.54
13442,0.42,-12.75,1391,1100,1100,1391,-0.02,0.90,9.16
13452,0.42,-12.63,1390,1100,1100,1390,-0.10,-1.00,10.94
13462,0.43,-12.88,1393,1100,1100,1393,0.05,0.06,12.81
13472,0.42,-12.56,1389,1100,1100,1389,-0.77,-1.13,7.02
13482,0.43,-12.97,1394,1100,1100,1394,-0.32,0.95,10.88
13492,0.43,-12.90,1393,1100,1100,1393,1.08,-0.38,9.26
13502,0.43,-12.84,1392,1100,1100,1392,0.34,-0.56,11.31
13512,0.43,-12.96,1394,1100,1100,1394,0.31,-0.38,10.17
13522,0.43,-13.02,1394,1100,1100,1394,-0.56,-0.24,10.59
13532,0.43,-12.96,1394,1100,1100,1394,0.51,0.18,9.56
13542,0.44,-13.24,1397,1100,1100,1397,-1.40,-1.19,13.01
13552,0.44,-13.08,1395,1100,1100,1395,0.31,-0.14,9.34
13562,0.43,-12.83,1392,1100,1100,1392,-0.96,0.42,11.16
13572,0.43,-12.78,1392,1100,1100,1392,0.07,-0.43,14.45
13582,0.43,-13.00,1394,1100,1100,1394,0.06,-0.42,9.71
13592,0.43,-12.90,1393,1100,1100,1393,-0.05,-0.67,9.55
13602,0.43,-12.78,1392,1100,1100,1392,0.01,0.46,8.72
13612,0.42,-12.69,1391,1100,1100,1391,0.48,-0.03,10.92
13622,0.43,-12.85,1392,1100,1100,1392,0.33,-0.57,9.49
13632,0.43,-12.99,1394,1100,1100,1394,-0.63,0.50,11.39
13642,0.43,-12.96,1394,1100,1100,1394,-1.08,0.54,5.25
13652,0.43,-13.02,1394,1100,1100,1394,-0.40,-0.09,13.91
13662,0.43,-13.02,1394,1100,1100,1394,-0.00,-1.93,11.19
13672,0.44,-13.11,1395,1100,1100,1395,-0.82,1.67,7.49
13682,0.44,-13.14,1396,1100,1100,1396,-0.13,-0.42,8.90
13692,0.44,-13.23,1397,1100,1100,1397,-0.48,0.49,9.95
13702,0.43,-13.04,1395,1100,1100,1395,-0.22,-0.51,5.40
13712,0.43,-12.99,1394,1100,1100,1394,-0.04,1.29,9.91
13722,0.43,-12.90,1393,1100,1100,1393,0.46,-0.44,12.88
13732,0.43,-12.81,1392,1100,1100,1392,0.45,0.55,9.52
13742,0.43,-12.90,1393,1100,1100,1393,0.18,-1.12,10.03
13752,0.45,-13.40,1399,1100,1100,1399,0.10,-0.23,10.65
13762,0.44,-13.10,1395,1100,1100,1395,0.20,-0.62,13.73
13772,0.43,-13.02,1394,1100,1100,1394,0.50,-0.37,10.57
13782,0.44,-13.21,1397,1100,1100,1397,1.06,-0.82,11.97
13792,0.45,-13.39,1399,1100,1100,1399,-0.37,-1.42,10.04
13802,0.43,-12.91,1393,1100,1100,1393,-0.67,0.30,11.95
13812,0.45,-13.36,1398,1100,1100,1398,-0.22,-0.38,6.18
13822,0.43,-13.01,1394,1100,1100,1394,-1.35,0.74,10.33
13832,0.43,-12.93,1393,1100,1100,1393,0.04,0.43,6.01
13842,0.44,-13.18,1396,1100,1100,1396,-0.45,-0.42,10.42
13852,0.44,-13.23,1397,1100,1100,1397,1.23,-0.33,9.61
13862,0.43,-13.04,1395,1100,1100,1395,-0.02,-0.17,11.25
13872,0.43,-12.99,1394,1100,1100,1394,1.20,-0.54,6.63
13882,0.42,-12.59,1389,1100,1100,1389,-1.31,-0.70,12.59
13892,0.43,-13.03,1395,1100,1100,1395,0.23,0.17,8.97
13902,0.43,-13.05,1395,1100,1100,1395,-0.64,-1.03,6.92
13912,0.44,-13.20,1397,1100,1100,1397,-0.68,-0.18,12.32
13922,0.43,-13.04,1395,1100,1100,1395,-1.06,0.36,8.62
13932,0.44,-13.14,1396,1100,1100,1396,0.58,0.39,10.21
13942,0.43,-13.02,1394,1100,1100,1394,-0.04,-0.53,11.20
13952,0.43,-12.96,1394,1100,1100,1394,-0.46,0.02,11.16
13962,0.44,-13.24,1397,1100,1100,1397,0.56,-0.12,7.67
13972,0.43,-12.92,1393,1100,1100,1393,0.09,0.02,13.05
13982,0.44,-13.30,1398,1100,1100,1398,1.34,-0.68,11.31
13992,0.44,-13.14,1396,1100,1100,1396,0.09,0.11,11.16
14002,0.43,-12.89,1393,1100,1100,1393,0.84,-0.46,11.53
14012,0.44,-13.09,1395,1100,1100,1395,0.07,-0.03,9.31
14022,0.43,-12.99,1394,1100,1100,1394,0.52,-0.19,8.50
14032,0.44,-13.24,1397,1100,1100,1397,-0.89,-0.95,12.14
14042,0.44,-13.08,1395,1100,1100,1395,0.28,-0.03,8.67
14052,0.43,-12.96,1394,1100,1100,1394,-0.50,-0.40,9.95
14062,0.44,-13.21,1397,1100,1100,1397,0.53,-0.53,11.45
14072,0.45,-13.57,1401,1100,1100,1401,0.33,0.06,10.25
14082,0.44,-13.31,1398,1100,1100,1398,0.08,-0.32,11.84
14092,0.44,-13.07,1395,1100,1100,1395,0.14,-0.62,8.27
14102,0.43,-13.02,1394,1100,1100,1394,-0.73,-0.32,10.58
14112,0.44,-13.21,1397,1100,1100,1397,-0.66,-1.05,10.99
14122,0.45,-13.42,1399,1100,1100,1399,-0.66,0.47,13.88
14132,0.44,-13.16,1396,1100,1100,1396,0.88,0.01,9.25
14142,0.44,-13.14,1396,1100,1100,1396,-0.87,0.64,7.77
14152,0.45,-13.54,1400,1100,1100,1400,-0.21,0.20,7.89
14162,0.44,-13.13,1396,1100,1100,1396,-0.32,0.53,10.08
14172,0.44,-13.26,1397,1100,1100,1397,0.08,-0.79,10.99
14182,0.45,-13.35,1398,1100,1100,1398,-0.55,0.19,11.08
14192,0.45,-13.44,1399,1100,1100,1399,0.91,-0.36,7.80
14202,0.44,-13.28,1397,1100,1100,1397,-0.06,-0.66,14.48
14212,0.45,-13.44,1399,1100,1100,1399,0.72,-0.58,12.05
14222,0.44,-13.07,1395,1100,1100,1395,-0.25,-0.05,7.30
14232,0.43,-12.92,1393,1100,1100,1393,-0.10,0.05,12.63
14242,0.44,-13.33,1398,1100,1100,1398,0.45,0.12,11.41
14252,0.45,-13.35,1398,1100,1100,1398,0.64,0.84,8.62
14262,0.44,-13.29,1397,1100,1100,1397,-1.12,-0.14,4.98
14272,0.45,-13.41,1399,1100,1100,1399,-1.04,0.06,8.85
14282,0.44,-13.32,1398,1100,1100,1398,0.43,-0.02,7.17
14292,0.45,-13.47,1400,1100,1100,1400,-0.08,-0.42,13.17
14302,0.44,-13.31,1398,1100,1100,1398,0.72,-0.47,10.82
14312,0.44,-13.16,1396,1100,1100,1396,-0.31,0.16,11.09
14322,0.45,-13.39,1399,1100,1100,1399,0.28,-0.12,9.90
14332,0.45,-13.47,1400,1100,1100,1400,-0.01,0.33,11.26
14342,0.45,-13.44,1399,1100,1100,1399,0.59,-0.49,6.63
14352,0.44,-13.07,1395,1100,1100,1395,-1.04,0.50,8.83
14362,0.44,-13.11,1395,1100,1100,1395,0.68,0.10,8.70
14372,0.44,-13.23,1397,1100,1100,1397,-0.21,-0.71,7.59
14382,0.45,-13.39,1399,1100,1100,1399,-0.68,-0.21,10.78
14392,0.45,-13.47,1400,1100,1100,1400,-1.19,-0.67,8.38
14402,0.45,-13.62,1401,1100,1100,1401,0.39,0.56,11.71
14412,0.44,-13.28,1397,1100,1100,1397,0.17,-0.46,9.75
14422,0.45,-13.38,1399,1100,1100,1399,-0.49,0.49,8.69
14432,0.45,-13.38,1398,1100,1100,1398,-0.44,-0.03,6.74
14442,0.45,-13.50,1400,1100,1100,1400,1.39,0.80,13.36
14452,0.45,-13.62,1401,1100,1100,1401,0.52,-1.51,9.63
14462,0.45,-13.34,1398,1100,1100,1398,-0.99,-0.16,12.01
14472,0.44,-13.32,1398,1100,1100,1398,1.19,0.20,8.05
14482,0.45,-13.41,1399,1100,1100,1399,-1.05,-0.04,10.36
14492,0.46,-13.66,1402,1100,1100,1402,0.24,-0.92,11.72
14502,0.45,-13.43,1399,1100,1100,1399,-0.98,-0.91,9.56
14512,0.46,-13.66,1402,1100,1100,1402,-0.38,0.84,6.25
14522,0.45,-13.59,1401,1100,1100,1401,-0.24,-0.10,12.55
14532,0.46,-13.84,1404,1100,1100,1404,0.77,0.91,7.09
14542,0.46,-13.83,1404,1100,1100,1404,-0.29,0.67,4.52
14552,0.46,-13.68,1402,1100,1100,1402,-0.29,-0.04,14.76
14562,0.45,-13.62,1401,1100,1100,1401,1.44,-0.38,13.81
14572,0.45,-13.43,1399,1100,1100,1399,0.55,0.37,10.73
14582,0.46,-13.75,1403,1100,1100,1403,1.00,-2.10,17.43
14592,0.47,-14.02,1406,1100,1100,1406,0.43,-1.17,17.13
14602,0.46,-13.82,1403,1100,1100,1403,1.14,-0.44,9.05
14612,0.46,-13.86,1404,1100,1100,1404,-0.98,0.48,13.83
14622,0.45,-13.33,1398,1100,1100,1398,0.64,0.14,5.05
14632,0.45,-13.60,1401,1100,1100,1401,-1.65,0.31,6.35
14642,0.46,-13.87,1404,1100,1100,1404,0.44,0.66,8.48
14652,0.46,-13.83,1404,1100,1100,1404,-0.44,-0.64,7.61
14662,0.46,-13.68,1402,1100,1100,1402,-0.47,-0.67,10.55
14672,0.45,-13.59,1401,1100,1100,1401,-0.79,-0.66,10.38
14682,0.47,-13.99,1405,1100,1100,1405,0.68,1.02,9.15
14692,0.47,-14.10,1407,1100,1100,1407,0.58,-0.65,11.40
14702,0.46,-13.85,1404,1100,1100,1404,-0.43,0.05,12.56
14712,0.46,-13.74,1402,1100,1100,1402,-0.57,0.01,6.98
14722,0.46,-13.93,1405,1100,1100,1405,-1.03,0.36,9.43
14732,0.48,-14.29,1409,1100,1100,1409,0.47,-0.69,9.14
14742,0.47,-13.94,1405,1100,1100,1405,-0.38,-0.20,11.49
14752,0.45,-13.58,1401,1100,1100,1401,-0.13,-1.53,10.08
14762,0.47,-14.12,1407,1100,1100,1407,-0.29,-0.43,14.09
14772,0.47,-13.98,1405,1100,1100,1405,1.06,-0.99,11.67
14782,0.47,-14.07,1406,1100,1100,1406,0.09,1.33,11.63
14792,0.48,-14.38,1410,1100,1100,1410,0.40,-2.11,10.88
14802,0.47,-13.94,1405,1100,1100,1405,-0.35,-1.08,12.69
14812,0.47,-13.98,1405,1100,1100,1405,-0.91,-1.07,10.66
14822,0.46,-13.86,1404,1100,1100,1404,-0.49,1.40,9.00
14832,0.48,-14.29,1409,1100,1100,1409,-0.45,-1.22,10.57
14842,0.47,-14.09,1406,1100,1100,1406,-0.46,0.86,11.12
14852,0.48,-14.47,1411,1100,1100,1411,0.49,0.15,6.83
14862,0.46,-13.90,1404,1100,1100,1404,0.10,0.89,12.27
14872,0.47,-14.20,1408,1100,1100,1408,0.23,-1.75,13.50
14882,0.47,-13.97,1405,1100,1100,1405,-0.02,1.86,6.48
14892,0.47,-14.07,1406,1100,1100,1406,-0.55,-0.39,7.74
14902,0.47,-14.26,1408,1100,1100,1408,-0.37,1.65,7.89
14912,0.47,-14.25,1408,1100,1100,1408,-0.33,-1.50,5.09
14922,0.48,-14.53,1411,1100,1100,1411,-0.74,2.09,7.37
14932,0.47,-14.12,1407,1100,1100,1407,-0.84,-2.17,11.09
14942,0.48,-14.53,1411,1100,1100,1411,-0.52,-0.15,9.87
14952,0.48,-14.46,1410,1100,1100,1410,-0.24,-1.54,9.77
14962,0.47,-14.06,1406,1100,1100,1406,0.29,1.47,10.36
14972,0.48,-14.29,1409,1100,1100,1409,1.04,-1.90,12.31
14982,0.47,-14.22,1408,1100,1100,1408,-0.06,1.15,12.40
14992,0.47,-14.13,1407,1100,1100,1407,0.07,1.13,8.11
15002,0.48,-14.28,1409,1100,1100,1409,-0.18,-0.34,9.84
15012,0.47,-14.13,1407,1100,1100,1407,-0.12,-0.26,10.76
15022,0.48,-14.35,1409,1100,1100,1409,-0.59,0.39,11.72
15032,0.49,-14.77,1414,1100,1100,1414,-0.85,-2.25,13.33
15042,0.48,-14.36,1409,1100,1100,1409,-0.12,-2.73,14.55
15052,0.48,-14.56,1411,1100,1100,1411,-0.20,2.23,9.07
15062,0.48,-14.43,1410,1100,1100,1410,-0.72,-1.38,11.11
15072,0.48,-14.40,1410,1100,1100,1410,-0.50,0.49,8.22
15082,0.48,-14.46,1410,1100,1100,1410,-0.47,-1.91,7.79
15092,0.47,-14.24,1408,1100,1100,1408,-0.87,2.06,8.90
15102,0.48,-14.40,1410,1100,1100,1410,-0.64,-3.04,11.29
15112,0.48,-14.55,1411,1100,1100,1411,-0.10,2.31,7.77
15122,0.47,-14.21,1408,1100,1100,1408,-0.18,-1.50,12.75
15132,0.48,-14.34,1409,1100,1100,1409,-0.45,0.72,9.68
15142,0.48,-14.28,1408,1100,1100,1408,-0.26,-1.01,8.37
15152,0.48,-14.50,1411,1100,1100,1411,0.65,1.07,10.73
15162,0.48,-14.43,1410,1100,1100,1410,0.65,-1.43,12.98
15172,0.48,-14.46,1410,1100,1100,1410,0.58,1.29,9.00
15182,0.48,-14.37,1409,1100,1100,1409,-0.30,0.48,10.95
15192,0.48,-14.49,1411,1100,1100,1411,0.03,-0.23,7.63
15202,0.49,-14.58,1412,1100,1100,1412,-0.55,-1.09,9.26
15212,0.49,-14.83,1414,1100,1100,1414,-0.26,0.58,11.78
15222,0.49,-14.76,1414,1100,1100,1414,-0.18,2.04,10.20
15232,0.49,-14.76,1414,1100,1100,1414,0.23,-1.37,11.76
15242,0.48,-14.48,1411,1100,1100,1411,-0.22,0.60,12.83
15252,0.48,-14.37,1409,1100,1100,1409,-0.02,-2.42,13.79
15262,0.49,-14.68,1413,1100,1100,1413,-0.23,0.77,9.22
15272,0.48,-14.52,1411,1100,1100,1411,0.30,-0.73,10.97
15282,0.48,-14.49,1411,1100,1100,1411,0.36,1.25,11.07
15292,0.47,-14.02,1406,1100,1100,1406,-0.73,-2.71,10.89
15302,0.49,-14.69,1413,1100,1100,1413,-0.01,2.07,10.22
15312,0.48,-14.33,1409,1100,1100,1409,-0.84,-2.10,9.98
15322,0.48,-14.46,1410,1100,1100,1410,-0.63,-0.07,9.36
15332,0.49,-14.80,1414,1100,1100,1414,-0.32,-0.17,7.02
15342,0.48,-14.42,1410,1100,1100,1410,-0.46,2.03,4.92
15352,0.49,-14.86,1415,1100,1100,1415,-1.20,-1.67,5.91
15362,0.48,-14.45,1410,1100,1100,1410,-0.57,-1.05,4.53
15372,0.48,-14.55,1411,1100,1100,1411,-0.23,0.46,9.10
15382,0.48,-14.46,1410,1100,1100,1410,-0.13,-0.22,14.09
15392,0.48,-14.55,1411,1100,1100,1411,-0.02,-0.85,9.65
15402,0.48,-14.30,1409,1100,1100,1409,-0.06,2.17,9.69
15412,0.48,-14.53,1411,1100,1100,1411,0.34,2.40,8.55
15422,0.48,-14.36,1409,1100,1100,1409,-0.31,-1.24,7.77
15432,0.48,-14.34,1409,1100,1100,1409,0.30,1.15,10.77
15442,0.48,-14.28,1408,1100,1100,1408,0.04,-1.66,16.53
15452,0.48,-14.53,1411,1100,1100,1411,0.43,-0.48,11.16
15462,0.48,-14.33,1409,1100,1100,1409,-0.18,-1.95,9.55
15472,0.49,-14.77,1414,1100,1100,1414,0.37,1.88,11.12
15482,0.48,-14.42,1410,1100,1100,1410,0.80,-2.17,13.25
15492,0.50,-14.93,1415,1100,1100,1415,0.26,1.31,12.23
15502,0.49,-14.69,1413,1100,1100,1413,0.19,-1.44,12.48
15512,0.48,-14.30,1409,1100,1100,1409,0.24,0.42,8.87
15522,0.48,-14.34,1409,1100,1100,1409,0.13,-1.18,8.03
15532,0.49,-14.68,1413,1100,1100,1413,-0.52,1.37,6.88
15542,0.49,-14.76,1414,1100,1100,1414,-0.17,-1.22,8.72
15552,0.47,-14.23,1408,1100,1100,1408,-0.72,-0.10,6.13
15562,0.48,-14.37,1410,1100,1100,1410,-0.51,1.28,6.79
15572,0.48,-14.49,1411,1100,1100,1411,-0.68,-1.50,8.16
15582,0.48,-14.49,1411,1100,1100,1411,0.49,0.07,9.51
15592,0.48,-14.40,1410,1100,1100,1410,0.15,0.01,8.33
15602,0.48,-14.55,1411,1100,1100,1411,0.08,1.65,12.61
15612,0.48,-14.55,1411,1100,1100,1411,-0.62,-3.37,11.08
15622,0.48,-14.33,1409,1100,1100,1409,-0.24,1.45,9.07
15632,0.49,-14.81,1414,1100,1100,1414,0.12,-1.00,10.42
15642,0.49,-14.67,1413,1100,1100,1413,-0.36,1.30,11.88
15652,0.48,-14.48,1411,1100,1100,1411,-0.56,-1.54,8.88
15662,0.49,-14.68,1413,1100,1100,1413,-0.34,1.40,9.89
15672,0.48,-14.48,1411,1100,1100,1411,0.66,-2.25,15.74
15682,0.48,-14.55,1411,1100,1100,1411,0.78,1.71,12.36
15692,0.49,-14.67,1413,1100,1100,1413,0.20,0.35,10.45
15702,0.48,-14.36,1409,1100,1100,1409,0.17,0.10,10.40
15712,0.50,-15.18,1418,1100,1100,1418,0.82,-0.77,11.50
15722,0.49,-14.72,1413,1100,1100,1413,-0.21,0.79,10.57
15732,0.48,-14.51,1411,1100,1100,1411,-0.94,-2.29,10.01
15742,0.49,-14.58,1412,1100,1100,1412,0.07,-1.61,10.59
15752,0.48,-14.33,1409,1100,1100,1409,-0.15,0.77,10.91
15762,0.49,-14.62,1412,1100,1100,1412,-0.07,-0.65,9.97
15772,0.49,-14.86,1415,1100,1100,1415,0.05,0.48,8.10
15782,0.48,-14.32,1409,1100,1100,1409,0.31,-1.47,10.49
15792,0.48,-14.43,1410,1100,1100,1410,0.00,1.47,8.75
15802,0.48,-14.34,1409,1100,1100,1409,0.00,-2.32,9.24
15812,0.48,-14.46,1410,1100,1100,1410,0.40,1.18,12.86
15822,0.49,-14.71,1413,1100,1100,1413,-0.57,-2.54,12.06
15832,0.49,-14.58,1412,1100,1100,1412,-0.64,0.01,10.09
15842,0.50,-14.98,1416,1100,1100,1416,-0.72,-1.10,8.09
15852,0.50,-15.06,1417,1100,1100,1417,-0.48,1.68,6.47
15862,0.48,-14.53,1411,1100,1100,1411,-0.30,-1.37,7.01
15872,0.49,-14.77,1414,1100,1100,1414,-0.04,-1.33,10.25
15882,0.48,-14.42,1410,1100,1100,1410,-0.17,-0.85,13.24
15892,0.48,-14.55,1411,1100,1100,1411,0.46,-0.47,11.59
15902,0.49,-14.74,1413,1100,1100,1413,0.27,-0.53,9.56
15912,0.49,-14.67,1413,1100,1100,1413,0.23,1.03,8.65
15922,0.49,-14.73,1413,1100,1100,1413,-0.45,1.13,7.04
15932,0.47,-14.23,1408,1100,1100,1408,-1.01,-1.39,9.43
15942,0.49,-14.65,1413,1100,1100,1413,-0.30,1.06,10.14
15952,0.49,-14.83,1414,1100,1100,1414,-0.68,-1.75,9.87
15962,0.49,-14.85,1415,1100,1100,1415,-0.33,-0.30,13.38
15972,0.49,-14.66,1413,1100,1100,1413,-0.57,-1.69,10.34
15982,0.48,-14.48,1411,1100,1100,1411,-0.30,1.78,7.82
15992,0.49,-14.58,1412,1100,1100,1412,-0.61,-1.68,11.51
16002,0.49,-14.58,1412,1100,1100,1412,-0.68,0.70,11.31
16012,0.48,-14.52,1411,1100,1100,1411,-1.09,-0.05,10.16
16022,0.49,-14.80,1414,1100,1100,1414,-1.32,0.19,8.94
16032,0.48,-14.29,1409,1100,1100,1409,-1.03,-0.57,7.32
16042,0.49,-14.78,1414,1100,1100,1414,-1.49,1.92,4.87
16052,0.49,-14.73,1413,1100,1100,1413,-1.05,-1.47,8.94
16062,0.49,-14.67,1413,1100,1100,1413,-1.21,-1.36,6.26
16072,0.47,-14.17,1407,1100,1100,1407,-0.24,1.81,6.74
16082,0.48,-14.41,1410,1100,1100,1410,-0.74,-1.29,12.12
16092,0.49,-14.86,1415,1100,1100,1415,-0.29,-0.77,10.21
16102,0.48,-14.29,1409,1100,1100,1409,-1.02,0.28,10.99
16112,0.49,-14.74,1414,1100,1100,1414,-0.78,1.07,9.70
16122,0.48,-14.54,1411,1100,1100,1411,-0.96,-1.59,7.76
16132,0.49,-14.61,1412,1100,1100,1412,-0.56,1.36,8.20
16142,0.50,-14.89,1415,1100,1100,1415,-0.52,-1.24,11.76
16152,0.49,-14.66,1413,1100,1100,1413,-0.60,0.28,10.10
16162,0.49,-14.64,1412,1100,1100,1412,-0.34,-0.98,9.59
16172,0.48,-14.42,1410,1100,1100,1410,-0.76,1.08,12.98
16182,0.49,-14.62,1412,1100,1100,1412,-0.58,-3.09,12.27
16192,0.48,-14.36,1409,1100,1100,1409,-0.09,1.79,13.12
16202,0.47,-14.25,1408,1100,1100,1408,0.68,0.09,14.41
16212,0.48,-14.37,1410,1100,1100,1410,0.11,-0.62,14.10
16222,0.47,-14.09,1406,1100,1100,1406,-0.59,-1.05,10.07
16232,0.48,-14.50,1411,1100,1100,1411,-0.13,1.45,12.31
16242,0.47,-14.21,1408,1100,1100,1408,-0.84,-2.70,11.74
16252,0.47,-13.97,1405,1100,1100,1405,-0.90,-1.20,10.70
16262,0.47,-14.01,1406,1100,1100,1406,-0.48,0.69,9.03
16272,0.46,-13.76,1403,1100,1100,1403,-0.21,0.40,8.29
16282,0.48,-14.42,1410,1100,1100,1410,-0.34,-0.90,9.72
16292,0.46,-13.87,1404,1100,1100,1404,-0.35,-1.71,9.08
16302,0.47,-14.14,1407,1100,1100,1407,-1.61,2.21,7.32
16312,0.47,-13.97,1405,1100,1100,1405,-0.87,-0.98,9.48
16322,0.47,-13.95,1405,1100,1100,1405,-0.68,1.11,10.50
16332,0.47,-14.17,1407,1100,1100,1407,-0.43,-0.74,10.28
16342,0.47,-14.07,1406,1100,1100,1406,-0.39,1.75,10.55
16352,0.45,-13.33,1398,1100,1100,1398,-0.42,-2.04,9.77
16362,0.45,-13.60,1401,1100,1100,1401,-0.15,2.52,10.36
16372,0.44,-13.31,1398,1100,1100,1398,-0.62,-1.64,12.36
16382,0.46,-13.79,1403,1100,1100,1403,0.19,-0.20,8.67
16392,0.46,-13.68,1402,1100,1100,1402,-1.04,-2.24,8.26
16402,0.46,-13.87,1404,1100,1100,1404,-0.36,0.86,13.63
16412,0.46,-13.64,1401,1100,1100,1401,-0.35,-1.11,11.94
16422,0.45,-13.59,1401,1100,1100,1401,-1.43,1.37,3.30
16432,0.44,-13.09,1395,1100,1100,1395,-0.83,-1.19,6.45
16442,0.44,-13.33,1398,1100,1100,1398,-1.13,0.60,8.64
16452,0.44,-13.29,1397,1100,1100,1397,-0.37,-1.10,8.89
16462,0.45,-13.38,1399,1100,1100,1399,-1.13,-0.22,7.39
16472,0.45,-13.35,1398,1100,1100,1398,-0.82,0.36,8.85
16482,0.44,-13.29,1397,1100,1100,1397,-1.15,0.61,6.22
16492,0.43,-12.82,1392,1100,1100,1392,-0.73,-0.56,8.48
16502,0.43,-12.84,1392,1100,1100,1392,-0.64,-0.49,8.32
16512,0.43,-12.81,1392,1100,1100,1392,-0.97,0.37,9.93
16522,0.42,-12.56,1389,1100,1100,1389,-0.53,-1.33,10.85
16532,0.42,-12.57,1389,1100,1100,1389,0.05,0.06,10.53
16542,0.41,-12.45,1388,1100,1100,1388,-0.37,-0.65,9.59
16552,0.41,-12.36,1387,1100,1100,1387,-1.12,-0.07,13.51
16562,0.41,-12.27,1386,1100,1100,1386,-0.02,-0.75,9.12
16572,0.42,-12.70,1391,1100,1100,1391,-0.25,-0.17,10.36
16582,0.41,-12.41,1387,1100,1100,1387,0.00,-0.91,10.44
16592,0.40,-11.99,1382,1100,1100,1382,-0.97,0.86,9.10
16602,0.40,-12.12,1384,1100,1100,1384,-0.82,-0.94,10.21
16612,0.41,-12.46,1388,1100,1100,1388,-0.91,-0.58,8.62
16622,0.40,-12.02,1383,1100,1100,1383,0.81,0.32,6.61
16632,0.40,-11.84,1381,1100,1100,1381,-1.51,-0.78,9.08
16642,0.40,-11.91,1381,1100,1100,1381,0.58,0.10,13.94
16652,0.39,-11.82,1380,1100,1100,1380,0.56,-0.55,9.41
16662,0.38,-11.45,1376,1100,1100,1376,-1.02,0.09,10.93
16672,0.39,-11.65,1378,1100,1100,1378,0.29,-0.46,9.95
16682,0.38,-11.33,1374,1100,1100,1374,-0.82,-0.73,11.10
16692,0.39,-11.59,1378,1100,1100,1378,0.41,-0.12,11.60
16702,0.38,-11.39,1375,1100,1100,1375,-0.99,-1.24,8.29
16712,0.37,-11.21,1373,1100,1100,1373,0.57,0.40,7.53
16722,0.38,-11.34,1375,1100,1100,1375,-0.89,-0.65,10.80
16732,0.38,-11.40,1375,1100,1100,1375,0.14,0.66,12.54
16742,0.36,-10.93,1370,1100,1100,1370,-0.21,0.71,7.23
16752,0.37,-11.01,1370,1100,1100,1370,-2.47,-1.55,9.16
16762,0.36,-10.70,1367,1100,1100,1367,0.04,1.27,6.63
16772,0.35,-10.55,1365,1100,1100,1365,-1.51,-1.56,7.48
16782,0.36,-10.93,1369,1100,1100,1369,0.90,0.04,15.10
16792,0.34,-10.21,1360,1100,1100,1360,0.30,0.25,12.68
16802,0.35,-10.60,1365,1100,1100,1365,-1.68,-1.92,11.30
16812,0.35,-10.59,1365,1100,1100,1365,1.01,0.38,12.52
16822,0.35,-10.37,1362,1100,1100,1362,-1.36,-1.98,10.78
16832,0.35,-10.38,1362,1100,1100,1362,0.49,-0.25,14.09
16842,0.34,-10.22,1360,1100,1100,1360,0.47,0.02,12.15
16852,0.33,-9.92,1357,1100,1100,1357,-1.48,0.66,13.17
16862,0.33,-9.90,1356,1100,1100,1356,0.94,0.08,12.50
16872,0.33,-9.90,1356,1100,1100,1356,-1.39,-0.96,5.03
16882,0.33,-9.87,1356,1100,1100,1356,-1.82,-0.97,8.37
16892,0.32,-9.65,1353,1100,1100,1353,-0.13,0.54,9.21
16902,0.32,-9.69,1354,1100,1100,1354,-1.61,-0.06,7.22
16912,0.31,-9.19,1347,1100,1100,1347,-1.41,1.58,7.42
16922,0.32,-9.52,1351,1100,1100,1351,-0.05,-0.71,9.90
16932,0.31,-9.39,1349,1100,1100,1349,-0.32,-0.76,6.93
16942,0.31,-9.36,1349,1100,1100,1349,-0.89,-0.45,10.01
16952,0.29,-8.77,1341,1100,1100,1341,1.37,-0.69,11.45
16962,0.30,-9.04,1345,1100,1100,1345,0.70,0.29,13.12
16972,0.30,-9.06,1345,1100,1100,1345,-0.93,0.32,12.67
16982,0.29,-8.69,1340,1100,1100,1340,0.13,-0.81,11.87
16992,0.29,-8.76,1341,1100,1100,1341,-1.19,-0.23,7.61
17002,0.29,-8.64,1339,1100,1100,1339,-1.68,-0.43,7.54
17012,0.29,-8.61,1339,1100,1100,1339,-0.04,-0.32,11.27
17022,0.29,-8.64,1339,1100,1100,1339,1.38,-0.14,11.42
17032,0.28,-8.36,1335,1100,1100,1335,-0.35,-0.49,14.81
17042,0.27,-8.12,1332,1100,1100,1332,0.31,0.47,14.41
17052,0.27,-8.01,1330,1100,1100,1330,0.58,-0.47,14.19
17062,0.27,-8.13,1332,1100,1100,1332,0.11,0.15,9.22
17072,0.25,-7.60,1324,1100,1100,1324,-1.28,0.18,4.66
17082,0.27,-7.96,1329,1100,1100,1329,-1.70,-0.45,8.98
17092,0.25,-7.55,1323,1100,1100,1323,0.16,0.17,9.22
17102,0.25,-7.44,1322,1100,1100,1322,-0.38,1.04,7.36
17112,0.24,-7.28,1319,1100,1100,1319,-0.95,-1.95,11.95
17122,0.24,-7.26,1319,1100,1100,1319,-0.59,-0.85,12.24
17132,0.24,-7.17,1318,1100,1100,1318,0.92,0.39,13.40
17142,0.24,-7.20,1318,1100,1100,1318,0.46,0.18,9.48
17152,0.23,-7.04,1316,1100,1100,1316,-0.88,-0.10,9.11
17162,0.22,-6.74,1311,1100,1100,1311,-0.26,0.25,8.77
17172,0.23,-6.78,1311,1100,1100,1311,-0.61,-0.00,7.47
17182,0.22,-6.56,1308,1100,1100,1308,-0.75,0.49,6.99
17192,0.22,-6.57,1308,1100,1100,1308,0.72,-1.10,8.70
17202,0.21,-6.32,1304,1100,1100,1304,-0.24,-0.52,13.51
17212,0.21,-6.36,1305,1100,1100,1305,0.27,-1.31,14.83
17222,0.21,-6.14,1301,1100,1100,1301,-0.20,-0.71,9.45
17232,0.21,-6.21,1302,1100,1100,1302,-0.37,0.49,7.71
17242,0.20,-5.93,1298,1100,1100,1298,1.22,-0.34,15.36
17252,0.19,-5.78,1295,1100,1100,1295,1.34,-0.12,11.85
17262,0.19,-5.67,1293,1100,1100,1293,0.74,1.23,8.11
17272,0.19,-5.82,1296,1100,1100,1296,-1.45,0.81,2.97
17282,0.18,-5.42,1289,1100,1100,1289,-2.61,0.64,2.67
17292,0.18,-5.40,1288,1100,1100,1288,-2.22,0.26,4.09
17302,0.17,-5.18,1284,1100,1100,1284,-1.54,-0.50,9.95
17312,0.17,-5.04,1282,1100,1100,1282,-1.49,-1.25,15.82
17322,0.17,-5.07,1282,1100,1100,1282,1.67,-0.83,15.38
17332,0.16,-4.70,1275,1100,1100,1275,1.82,-0.62,15.56
17342,0.16,-4.93,1280,1100,1100,1280,0.57,0.35,11.56
17352,0.17,-4.98,1281,1100,1100,1281,-0.11,0.42,9.19
17362,0.15,-4.42,1270,1100,1100,1270,-0.03,0.69,1.65
17372,0.15,-4.38,1269,1100,1100,1269,-2.27,-0.27,4.07
17382,0.14,-4.22,1266,1100,1100,1266,-0.94,-0.76,8.37
17392,0.14,-4.32,1268,1100,1100,1268,-1.68,-0.88,5.98
17402,0.14,-4.10,1264,1100,1100,1264,-0.88,-0.62,10.05
17412,0.13,-3.92,1260,1100,1100,1260,2.51,0.73,13.62
17422,0.12,-3.74,1256,1100,1100,1256,3.22,1.20,18.63
17432,0.12,-3.59,1253,1100,1100,1253,3.56,-0.58,19.32
17442,0.12,-3.54,1252,1100,1100,1252,3.07,-0.13,15.93
17452,0.12,-3.51,1251,1100,1100,1251,2.52,0.23,6.84
17462,0.12,-3.51,1251,1100,1100,1251,1.93,0.28,12.92
17472,0.11,-3.26,1246,1100,1100,1246,0.51,-0.32,12.59
17482,0.10,-2.99,1239,1100,1100,1239,0.60,0.65,8.95
17492,0.10,-3.06,1241,1100,1100,1241,0.65,-0.49,12.29
17502,0.10,-3.00,1239,1100,1100,1239,-0.50,-0.67,8.68
17512,0.09,-2.69,1232,1100,1100,1232,0.87,0.00,11.86
17522,0.08,-2.51,1227,1100,1100,1227,1.52,0.69,12.15
17532,0.09,-2.58,1229,1100,1100,1229,1.39,1.38,10.22
17542,0.08,-2.49,1227,1100,1100,1227,1.03,-0.04,11.88
17552,0.07,-2.24,1220,1100,1100,1220,0.09,0.25,8.60
17562,0.07,-2.25,1220,1100,1100,1220,-1.26,-1.18,7.37
17572,0.07,-2.00,1213,1100,1100,1213,-0.35,0.16,10.96
17582,0.06,-1.92,1211,1100,1100,1211,-0.48,-0.63,8.50
17592,0.07,-2.08,1215,1100,1100,1215,-0.26,-0.52,9.78
17602,0.06,-1.79,1207,1100,1100,1207,-0.25,-1.57,12.22
17612,0.06,-1.65,1202,1100,1100,1202,0.60,-1.34,11.39
17622,0.05,-1.56,1199,1100,1100,1199,0.77,-0.15,10.97
17632,0.05,0.00,1100,1100,1100,1100,1.07,0.95,12.34
17642,0.05,0.00,1100,1100,1100,1100,0.12,-0.77,11.66
17652,0.04,0.00,1100,1100,1100,1100,0.17,0.47,10.14
17662,0.04,0.00,1100,1100,1100,1100,-0.70,-0.40,7.71
17672,0.03,0.00,1100,1100,1100,1100,-0.82,0.24,4.07
17682,0.03,0.00,1100,1100,1100,1100,0.48,0.60,6.59
17692,0.03,0.00,1100,1100,1100,1100,-1.02,-1.06,7.39
17702,0.02,0.00,1100,1100,1100,1100,0.06,-0.49,9.13
17712,0.02,0.00,1100,1100,1100,1100,0.69,0.02,11.96
17722,0.01,0.00,1100,1100,1100,1100,0.53,-0.64,13.85
17732,0.01,0.00,1100,1100,1100,1100,-0.20,-0.06,15.68
17742,0.01,0.00,1100,1100,1100,1100,1.02,1.73,9.41
17752,-0.00,0.00,1100,1100,1100,1100,-0.37,-1.11,8.45
17762,0.00,0.00,1100,1100,1100,1100,-0.19,0.21,9.55
17772,-0.01,0.00,1100,1100,1100,1100,0.24,-0.36,13.01
17782,-0.01,0.00,1100,1100,1100,1100,0.14,-0.22,6.49
17792,-0.01,0.00,1100,1100,1100,1100,0.03,0.94,11.42
17802,-0.01,0.00,1100,1100,1100,1100,0.66,-0.36,9.10
17812,-0.02,0.00,1100,1100,1100,1100,0.52,-0.97,13.55
17822,-0.02,0.00,1100,1100,1100,1100,0.43,-0.53,14.35
17832,-0.03,0.00,1100,1100,1100,1100,0.44,-0.36,11.18
17842,-0.03,0.00,1100,1100,1100,1100,-0.16,-0.13,10.11
17852,-0.03,0.00,1100,1100,1100,1100,0.35,0.52,8.44
17862,-0.04,0.00,1100,1100,1100,1100,0.13,0.28,7.34
17872,-0.04,0.00,1100,1100,1100,1100,-0.22,-0.46,12.91
17882,-0.04,0.00,1100,1100,1100,1100,0.01,-0.61,9.62
17892,-0.05,0.00,1100,1100,1100,1100,-0.04,0.09,8.78
17902,-0.05,0.00,1100,1100,1100,1100,0.59,-0.02,11.22
17912,-0.05,0.00,1100,1100,1100,1100,0.73,-0.40,10.54
17922,-0.06,1.75,1100,1205,1205,1100,0.24,-0.76,10.87
17932,-0.06,1.68,1100,1203,1203,1100,-0.22,-0.66,11.10
17942,-0.06,1.84,1100,1208,1208,1100,-0.52,-0.22,9.40
17952,-0.06,1.86,1100,1209,1209,1100,0.16,-0.29,9.66
17962,-0.07,2.08,1100,1215,1215,1100,0.77,0.02,10.83
17972,-0.07,2.22,1100,1219,1219,1100,0.24,0.42,9.89
17982,-0.07,2.03,1100,1214,1214,1100,0.43,-0.34,10.90
17992,-0.07,2.16,1100,1218,1218,1100,0.78,0.11,11.42
18002,-0.08,2.38,1100,1224,1224,1100,-0.32,-0.69,9.80
18012,-0.08,2.49,1100,1227,1227,1100,1.08,0.03,10.94
18022,-0.09,2.58,1100,1229,1229,1100,-0.40,-0.59,6.92
18032,-0.09,2.70,1100,1232,1232,1100,0.31,-0.45,12.96
18042,-0.09,2.73,1100,1233,1233,1100,0.37,-1.59,13.93
18052,-0.09,2.61,1100,1230,1230,1100,0.24,1.54,1.45
18062,-0.09,2.86,1100,1236,1236,1100,0.89,0.63,4.40
18072,-0.09,2.82,1100,1235,1235,1100,1.73,-0.97,18.24
18082,-0.10,2.98,1100,1239,1239,1100,0.97,-0.91,13.76
18092,-0.10,3.03,1100,1240,1240,1100,-0.66,0.44,5.89
18102,-0.11,3.15,1100,1243,1243,1100,-0.70,0.67,4.26
18112,-0.11,3.15,1100,1243,1243,1100,-0.81,1.12,3.96
18122,-0.11,3.21,1100,1244,1244,1100,0.39,0.12,9.33
18132,-0.11,3.43,1100,1249,1249,1100,1.44,-1.08,12.91
18142,-0.12,3.48,1100,1250,1250,1100,1.30,-0.08,13.65
18152,-0.12,3.54,1100,1252,1252,1100,0.72,-0.54,13.68
18162,-0.11,3.39,1100,1248,1248,1100,1.14,0.58,9.78
18172,-0.12,3.45,1100,1250,1250,1100,0.40,0.06,9.92
18182,-0.12,3.64,1100,1254,1254,1100,0.62,-0.06,13.33
18192,-0.12,3.66,1100,1254,1254,1100,-0.62,0.07,9.21
18202,-0.13,3.75,1100,1256,1256,1100,-0.91,0.20,11.36
18212,-0.13,3.90,1100,1260,1260,1100,-0.85,0.04,6.94
18222,-0.13,3.84,1100,1258,1258,1100,-0.99,0.77,3.36
18232,-0.14,4.06,1100,1263,1263,1100,-0.26,0.25,3.90
18242,-0.14,4.08,1100,1263,1263,1100,0.09,-0.40,2.14
18252,-0.13,3.96,1100,1261,1261,1100,-0.92,0.70,0.21
18262,-0.14,4.15,1100,1265,1265,1100,0.35,-0.20,5.58
18272,-0.14,4.23,1100,1266,1266,1100,0.78,-0.99,12.80
18282,-0.14,4.26,1100,1267,1267,1100,2.15,-1.77,18.02
18292,-0.14,4.29,1100,1267,1267,1100,2.15,-1.67,12.27
18302,-0.15,4.35,1100,1269,1269,1100,1.56,-1.33,17.03
18312,-0.14,4.32,1100,1268,1268,1100,1.75,-1.25,18.80
18322,-0.14,4.32,1100,1268,1268,1100,0.85,0.14,17.01
18332,-0.15,4.41,1100,1270,1270,1100,0.17,0.35,12.95
18342,-0.15,4.41,1100,1270,1270,1100,-0.07,-1.12,14.66
18352,-0.15,4.41,1100,1270,1270,1100,-0.13,0.17,12.43
18362,-0.15,4.57,1100,1273,1273,1100,-0.36,0.68,9.28
18372,-0.15,4.53,1100,1272,1272,1100,-1.21,1.57,7.33
18382,-0.15,4.62,1100,1274,1274,1100,-1.48,1.54,8.27
18392,-0.15,4.47,1100,1271,1271,1100,-0.65,1.69,6.03
18402,-0.16,4.66,1100,1275,1275,1100,-1.36,1.73,5.43
18412,-0.15,4.53,1100,1272,1272,1100,-1.20,0.81,6.84
18422,-0.16,4.72,1100,1276,1276,1100,-1.04,0.43,10.12
18432,-0.16,4.77,1100,1277,1277,1100,-1.05,0.23,2.98
18442,-0.16,4.65,1100,1274,1274,1100,0.20,2.25,3.91
18452,-0.16,4.71,1100,1276,1276,1100,-0.18,1.78,7.25
18462,-0.16,4.71,1100,1276,1276,1100,0.24,0.80,10.70
18472,-0.16,4.86,1100,1279,1279,1100,0.12,-0.32,12.98
18482,-0.16,4.67,1100,1275,1275,1100,0.36,1.09,2.88
18492,-0.16,4.65,1100,1274,1274,1100,0.26,0.51,2.49
18502,-0.16,4.81,1100,1277,1277,1100,0.80,0.64,4.66
18512,-0.16,4.92,1100,1280,1280,1100,1.32,0.88,6.65
18522,-0.16,4.83,1100,1278,1278,1100,1.23,0.50,2.19
18532,-0.16,4.89,1100,1279,1279,1100,0.74,0.99,4.00
18542,-0.16,4.86,1100,1278,1278,1100,0.97,0.51,4.67
18552,-0.16,4.80,1100,1277,1277,1100,-0.06,0.34,4.63
18562,-0.16,4.86,1100,1278,1278,1100,0.09,-0.36,6.22
18572,-0.16,4.74,1100,1276,1276,1100,0.34,0.72,10.00
18582,-0.16,4.89,1100,1279,1279,1100,0.05,1.09,6.53
18592,-0.16,4.77,1100,1277,1277,1100,0.65,0.28,6.93
18602,-0.16,4.68,1100,1275,1275,1100,0.56,0.37,8.07
18612,-0.16,4.90,1100,1279,1279,1100,-0.07,0.43,7.35
18622,-0.16,4.80,1100,1277,1277,1100,0.97,0.85,7.83
18632,-0.16,4.77,1100,1277,1277,1100,0.59,1.30,10.01
18642,-0.16,4.65,1100,1274,1274,1100,1.34,0.58,9.48
18652,-0.16,4.81,1100,1277,1277,1100,1.73,0.98,9.76
18662,-0.16,4.71,1100,1276,1276,1100,1.46,0.91,6.76
18672,-0.16,4.80,1100,1277,1277,1100,0.83,-0.40,5.49
18682,-0.16,4.77,1100,1277,1277,1100,0.28,1.32,2.23
18692,-0.16,4.74,1100,1276,1276,1100,0.71,1.07,2.36
18702,-0.16,4.74,1100,1276,1276,1100,0.79,1.31,1.72
18712,-0.16,4.71,1100,1276,1276,1100,0.35,-0.72,7.12
18722,-0.16,4.77,1100,1277,1277,1100,-0.62,-1.05,5.62
18732,-0.16,4.65,1100,1274,1274,1100,-1.13,-0.68,5.06
18742,-0.15,4.56,1100,1273,1273,1100,-0.95,-0.61,2.65
18752,-0.15,4.62,1100,1274,1274,1100,-0.43,-0.09,1.90
18762,-0.16,4.68,1100,1275,1275,1100,-1.71,-0.99,12.25
18772,-0.16,4.74,1100,1276,1276,1100,-0.76,-0.50,12.02
18782,-0.16,4.71,1100,1276,1276,1100,-1.06,-0.85,11.02
18792,-0.16,4.80,1100,1277,1277,1100,-0.68,-0.88,10.32
18802,-0.15,4.61,1100,1274,1274,1100,0.10,-0.69,15.32
18812,-0.16,4.68,1100,1275,1275,1100,-0.53,-0.67,18.28
18822,-0.15,4.62,1100,1274,1274,1100,0.17,-0.71,17.23
18832,-0.16,4.74,1100,1276,1276,1100,-0.52,0.18,12.99
18842,-0.15,4.62,1100,1274,1274,1100,-0.64,-0.28,12.14
18852,-0.15,4.47,1100,1271,1271,1100,-0.06,-1.09,11.94
18862,-0.16,4.66,1100,1275,1275,1100,-0.32,-1.24,11.37
18872,-0.15,4.53,1100,1272,1272,1100,-0.43,-1.05,10.08
18882,-0.15,4.50,1100,1272,1272,1100,0.04,-1.50,12.30
18892,-0.15,4.44,1100,1270,1270,1100,0.12,-1.16,11.74
18902,-0.15,4.53,1100,1272,1272,1100,-0.84,0.21,10.20
18912,-0.15,4.50,1100,1272,1272,1100,-0.95,-1.21,11.16
18922,-0.15,4.50,1100,1272,1272,1100,-0.53,-0.49,12.65
18932,-0.15,4.38,1100,1269,1269,1100,-0.93,-2.12,14.13
18942,-0.15,4.63,1100,1274,1274,1100,-1.26,-1.85,15.34
18952,-0.15,4.53,1100,1272,1272,1100,-0.03,-0.34,15.64
18962,-0.15,4.53,1100,1272,1272,1100,-0.57,-1.17,18.02
18972,-0.15,4.44,1100,1270,1270,1100,-0.44,-0.03,16.39
18982,-0.14,4.25,1100,1267,1267,1100,-0.46,-0.81,14.75
18992,-0.15,4.57,1100,1273,1273,1100,-0.46,-0.14,12.57
19002,-0.15,4.47,1100,1271,1271,1100,-0.08,0.60,11.83
19012,-0.14,4.22,1100,1266,1266,1100,-0.24,0.21,16.31
19022,-0.15,4.38,1100,1269,1269,1100,-0.15,-0.96,18.86
19032,-0.15,4.38,1100,1269,1269,1100,0.21,-0.97,18.51
19042,-0.14,4.29,1100,1267,1267,1100,-0.23,1.07,9.46
19052,-0.14,4.32,1100,1268,1268,1100,0.33,0.38,10.66
19062,-0.14,4.23,1100,1266,1266,1100,0.23,1.17,10.48
19072,-0.14,4.29,1100,1267,1267,1100,-0.29,-0.88,12.91
19082,-0.14,4.20,1100,1266,1266,1100,0.95,-1.05,-0.85
19092,-0.14,4.11,1100,1264,1264,1100,-1.65,1.08,-0.37
19102,-0.14,4.20,1100,1266,1266,1100,-1.85,-0.09,4.21
19112,-0.14,4.08,1100,1263,1263,1100,-1.23,-0.73,8.14
19122,-0.14,4.20,1100,1266,1266,1100,-0.73,-1.31,9.99
19132,-0.14,4.17,1100,1265,1265,1100,0.67,0.77,0.54
19142,-0.14,4.08,1100,1263,1263,1100,-0.50,-0.25,5.26
19152,-0.14,4.11,1100,1264,1264,1100,0.46,-1.02,8.71
19162,-0.14,4.20,1100,1266,1266,1100,1.44,-2.69,15.46
19172,-0.14,4.05,1100,1262,1262,1100,1.83,-1.84,18.46
19182,-0.14,4.08,1100,1263,1263,1100,0.40,-1.53,7.84
19192,-0.13,3.89,1100,1259,1259,1100,0.46,-1.51,13.37
19202,-0.14,4.12,1100,1264,1264,1100,0.70,-3.57,17.19
19212,-0.13,3.86,1100,1259,1259,1100,1.12,-1.36,16.26
19222,-0.13,3.93,1100,1260,1260,1100,0.38,-0.54,14.08
19232,-0.13,3.99,1100,1261,1261,1100,0.80,-2.38,16.42
19242,-0.13,3.93,1100,1260,1260,1100,0.18,-1.56,14.82
19252,-0.13,3.87,1100,1259,1259,1100,-0.73,0.12,9.97
19262,-0.13,3.84,1100,1258,1258,1100,-0.73,0.53,8.10
19272,-0.13,3.78,1100,1257,1257,1100,-1.74,-0.42,10.52
19282,-0.13,3.75,1100,1256,1256,1100,-1.53,0.05,5.63
19292,-0.13,3.78,1100,1257,1257,1100,-1.38,1.04,3.59
19302,-0.13,3.87,1100,1259,1259,1100,-2.83,1.59,5.62
19312,-0.13,3.84,1100,1258,1258,1100,-1.51,0.04,9.24
19322,-0.13,3.81,1100,1258,1258,1100,-2.28,1.67,4.41
19332,-0.12,3.59,1100,1253,1253,1100,-2.25,1.52,5.39
19342,-0.13,3.76,1100,1256,1256,1100,-0.74,-0.78,8.61
19352,-0.12,3.69,1100,1255,1255,1100,-0.12,-1.08,13.78
19362,-0.13,3.75,1100,1256,1256,1100,2.23,-1.39,0.65
19372,-0.12,3.66,1100,1254,1254,1100,-1.71,-0.30,5.21
19382,-0.12,3.66,1100,1254,1254,1100,0.07,-1.61,14.80
19392,-0.12,3.69,1100,1255,1255,1100,1.88,-2.91,18.41
19402,-0.12,3.54,1100,1252,1252,1100,1.95,-2.17,19.30
19412,-0.12,3.57,1100,1252,1252,1100,2.54,-2.07,16.27
19422,-0.12,3.51,1100,1251,1251,1100,3.28,-2.41,19.28
19432,-0.12,3.48,1100,1250,1250,1100,3.23,-1.88,19.46
19442,-0.12,3.51,1100,1251,1251,1100,2.92,-3.06,19.01
19452,-0.11,3.42,1100,1249,1249,1100,0.70,-1.68,16.44
19462,-0.11,3.42,1100,1249,1249,1100,2.60,-1.93,19.45
19472,-0.11,3.42,1100,1249,1249,1100,2.37,-1.55,18.27
19482,-0.11,3.36,1100,1248,1248,1100,0.62,-0.76,15.78
19492,-0.11,3.27,1100,1246,1246,1100,-0.45,0.03,6.67
19502,-0.11,3.21,1100,1244,1244,1100,-1.61,1.40,15.02
19512,-0.12,3.52,1100,1251,1251,1100,-1.01,0.40,10.37
19522,-0.11,3.36,1100,1248,1248,1100,-0.80,0.16,6.15
19532,-0.12,3.45,1100,1250,1250,1100,-0.01,1.56,5.99
19542,-0.11,3.30,1100,1246,1246,1100,-0.36,-0.02,4.27
19552,-0.11,3.30,1100,1246,1246,1100,-0.90,-0.45,8.23
19562,-0.11,3.36,1100,1248,1248,1100,-0.63,0.04,4.81
19572,-0.11,3.30,1100,1246,1246,1100,-0.03,0.24,3.81
19582,-0.10,3.08,1100,1241,1241,1100,-0.17,0.95,7.38
19592,-0.10,3.09,1100,1242,1242,1100,-0.62,0.50,10.16
19602,-0.11,3.21,1100,1244,1244,1100,-0.10,-0.55,8.58
19612,-0.10,3.12,1100,1242,1242,1100,-1.40,1.45,4.78
19622,-0.11,3.21,1100,1244,1244,1100,-1.53,1.03,3.35
19632,-0.10,2.96,1100,1238,1238,1100,-1.66,1.59,4.64
19642,-0.10,3.12,1100,1242,1242,1100,-0.46,0.52,2.42
19652,-0.11,3.18,1100,1244,1244,1100,-1.19,1.26,3.61
19662,-0.10,3.09,1100,1241,1241,1100,-0.35,0.68,7.60
19672,-0.10,3.12,1100,1242,1242,1100,0.72,-1.09,11.26
19682,-0.10,2.90,1100,1237,1237,1100,0.93,-1.06,12.91
19692,-0.10,2.91,1100,1237,1237,1100,-0.37,-1.28,12.02
19702,-0.10,3.13,1100,1242,1242,1100,0.94,-0.43,13.65
19712,-0.10,3.06,1100,1241,1241,1100,0.71,0.47,14.20
19722,-0.09,2.84,1100,1236,1236,1100,-0.34,-0.27,13.60
19732,-0.10,2.91,1100,1237,1237,1100,-0.84,-0.21,14.99
19742,-0.10,2.94,1100,1238,1238,1100,-0.39,0.80,9.83
19752,-0.10,3.00,1100,1239,1239,1100,-1.00,0.34,6.34
19762,-0.09,2.85,1100,1236,1236,1100,-1.28,0.01,4.56
19772,-0.10,2.97,1100,1239,1239,1100,-0.82,-0.25,4.79
19782,-0.10,2.94,1100,1238,1238,1100,0.04,-0.33,4.23
19792,-0.09,2.85,1100,1236,1236,1100,-1.04,0.39,4.27
19802,-0.09,2.82,1100,1235,1235,1100,-0.13,0.25,9.67
19812,-0.10,2.88,1100,1237,1237,1100,0.44,-0.13,14.92
19822,-0.09,2.76,1100,1233,1233,1100,0.31,-0.52,16.47
19832,-0.10,2.88,1100,1237,1237,1100,1.38,-0.75,16.86
19842,-0.09,2.85,1100,1236,1236,1100,0.94,-1.00,14.87
19852,-0.09,2.85,1100,1236,1236,1100,0.73,-1.16,13.01
19862,-0.10,2.88,1100,1237,1237,1100,-0.45,-1.19,8.91
19872,-0.09,2.73,1100,1233,1233,1100,-0.88,0.16,9.88
19882,-0.09,2.54,1100,1228,1228,1100,-0.77,-0.63,5.41
19892,-0.09,2.61,1100,1230,1230,1100,-1.81,1.75,1.53
19902,-0.09,2.67,1100,1231,1231,1100,-1.18,1.80,4.19
19912,-0.09,2.73,1100,1233,1233,1100,0.20,0.42,11.74
19922,-0.09,2.64,1100,1230,1230,1100,0.42,-1.10,8.79
19932,-0.09,2.58,1100,1229,1229,1100,0.95,0.20,12.26
19942,-0.08,2.52,1100,1227,1227,1100,0.58,-0.09,13.63
19952,-0.08,2.52,1100,1227,1227,1100,1.01,-1.02,15.34
19962,-0.08,2.52,1100,1227,1227,1100,0.59,-1.31,12.47
19972,-0.08,2.46,1100,1226,1226,1100,-0.26,-1.23,13.17
19982,-0.08,2.49,1100,1227,1227,1100,-1.16,-1.33,7.56
19992,-0.08,2.40,1100,1224,1224,1100,-1.51,0.91,4.51
20002,-0.08,2.46,1100,1226,1226,1100,-0.87,0.51,4.77
20012,-0.09,2.55,1100,1228,1228,1100,0.10,-0.87,7.27
20022,-0.08,2.36,1100,1223,1223,1100,1.25,0.95,11.97
20032,-0.08,2.31,1100,1222,1222,1100,0.78,-1.57,14.85
20042,-0.08,2.43,1100,1225,1225,1100,-0.21,-0.05,10.44
20052,-0.08,2.49,1100,1227,1227,1100,-1.33,0.81,5.70
20062,-0.08,2.37,1100,1223,1223,1100,-0.18,0.82,2.68
20072,-0.08,2.34,1100,1223,1223,1100,-1.15,0.88,5.12
20082,-0.08,2.25,1100,1220,1220,1100,0.54,-1.08,11.74
20092,-0.08,2.44,1100,1225,1225,1100,0.57,-1.68,14.41
20102,-0.08,2.37,1100,1223,1223,1100,-0.97,-1.24,13.15
20112,-0.08,2.25,1100,1220,1220,1100,0.37,-0.56,13.99
20122,-0.08,2.28,1100,1221,1221,1100,-1.12,0.31,6.81
20132,-0.08,2.25,1100,1220,1220,1100,0.37,0.47,7.88
20142,-0.08,2.31,1100,1222,1222,1100,0.97,-0.98,10.21
20152,-0.07,2.19,1100,1218,1218,1100,-0.25,-1.33,10.51
20162,-0.08,2.28,1100,1221,1221,1100,0.09,-0.55,9.80
20172,-0.08,2.25,1100,1220,1220,1100,-1.57,0.38,7.29
20182,-0.07,2.03,1100,1214,1214,1100,-1.31,0.01,7.85
20192,-0.07,2.16,1100,1218,1218,1100,0.11,0.18,8.66
20202,-0.07,2.10,1100,1216,1216,1100,-0.82,-0.71,12.08
20212,-0.07,2.16,1100,1218,1218,1100,-0.22,-1.49,12.26
20222,-0.07,2.04,1100,1214,1214,1100,-0.92,-0.05,6.59
20232,-0.07,2.07,1100,1215,1215,1100,-0.90,1.00,6.87
20242,-0.07,2.22,1100,1219,1219,1100,0.80,-0.45,11.13
20252,-0.07,2.10,1100,1216,1216,1100,0.70,0.68,11.92
20262,-0.07,2.13,1100,1217,1217,1100,1.15,-0.19,13.08
20272,-0.07,2.10,1100,1216,1216,1100,0.13,-0.11,10.28
20282,-0.07,1.98,1100,1212,1212,1100,-1.02,0.40,7.16
20292,-0.07,2.04,1100,1214,1214,1100,1.16,-0.04,4.99
20302,-0.07,2.07,1100,1215,1215,1100,-0.45,-0.24,10.68
20312,-0.06,1.88,1100,1210,1210,1100,0.95,-0.41,14.14
20322,-0.06,1.95,1100,1212,1212,1100,0.45,-0.63,12.00
20332,-0.06,1.95,1100,1212,1212,1100,-1.74,-0.20,5.74
20342,-0.06,1.76,1100,1206,1206,1100,-1.38,0.06,4.01
20352,-0.06,1.86,1100,1209,1209,1100,-0.69,1.12,4.13
20362,-0.07,1.98,1100,1213,1213,1100,1.15,-0.13,12.61
20372,-0.06,1.92,1100,1211,1211,1100,2.19,-1.77,18.82
20382,-0.06,1.92,1100,1211,1211,1100,0.51,-0.52,14.94
20392,-0.06,1.80,1100,1207,1207,1100,-0.76,-0.74,11.87
20402,-0.06,1.74,1100,1205,1205,1100,-2.58,1.62,-0.65
20412,-0.06,1.83,1100,1208,1208,1100,-1.49,1.29,1.34
20422,-0.06,1.89,1100,1210,1210,1100,1.05,-1.06,16.00
20432,-0.06,1.83,1100,1208,1208,1100,0.48,-1.96,19.03
20442,-0.06,1.86,1100,1209,1209,1100,1.13,-2.86,17.91
20452,-0.07,1.98,1100,1213,1213,1100,-1.37,0.13,3.73
20462,-0.06,1.79,1100,1207,1207,1100,-1.78,1.65,-1.22
20472,-0.06,1.83,1100,1208,1208,1100,1.07,-0.21,10.57
20482,-0.06,1.80,1100,1207,1207,1100,0.45,-0.26,14.73
20492,-0.06,1.89,1100,1210,1210,1100,0.69,-2.64,19.10
20502,-0.06,1.80,1100,1207,1207,1100,-0.64,0.10,7.42
20512,-0.06,1.68,1100,1203,1203,1100,-1.41,1.38,1.05
20522,-0.06,1.71,1100,1204,1204,1100,0.79,-0.84,11.89
20532,-0.06,1.77,1100,1206,1206,1100,0.66,0.09,14.13
20542,-0.05,1.55,1100,1199,1199,1100,0.57,-1.84,18.28
20552,-0.05,1.62,1100,1201,1201,1100,-0.59,-0.04,7.86
20562,-0.05,1.62,1100,1201,1201,1100,-1.41,1.38,2.54
20572,-0.05,1.59,1100,1200,1200,1100,-0.13,-0.36,4.50
20582,-0.05,1.56,1100,1199,1199,1100,0.01,-0.44,12.95
20592,-0.06,1.75,1100,1205,1205,1100,0.58,-0.85,14.99
20602,-0.06,1.77,1100,1206,1206,1100,0.64,0.20,9.54
20612,-0.05,1.55,1100,1199,1199,1100,-0.62,0.67,7.50
20622,-0.05,1.62,1100,1201,1201,1100,-0.31,0.45,8.07
20632,-0.06,1.71,1100,1204,1204,1100,-0.16,0.61,7.60
20642,-0.06,1.74,1100,1205,1205,1100,-0.54,-0.47,10.05
20652,-0.05,1.55,1100,1199,1199,1100,0.38,-0.46,11.76
20662,-0.05,0.00,1100,1100,1100,1100,-0.41,-0.56,10.12
20672,-0.05,1.53,1100,1198,1198,1100,-0.46,-1.01,8.74
20682,-0.05,1.59,1100,1200,1200,1100,-0.75,-0.27,6.59
20692,-0.06,1.65,1100,1202,1202,1100,0.13,-0.33,12.12
20702,-0.05,1.59,1100,1200,1200,1100,-0.24,-0.88,12.40
20712,-0.06,1.65,1100,1202,1202,1100,-0.37,0.40,11.51
20722,-0.06,1.74,1100,1205,1205,1100,-0.27,0.17,5.77
20732,-0.06,1.65,1100,1202,1202,1100,0.33,0.09,10.16
20742,-0.05,1.53,1100,1198,1198,1100,-0.18,-0.62,15.44
20752,-0.05,0.00,1100,1100,1100,1100,-0.37,-0.47,8.76
20762,-0.05,0.00,1100,1100,1100,1100,-0.62,1.03,4.24
20772,-0.05,1.60,1100,1201,1201,1100,-0.32,0.23,5.10
20782,-0.05,1.56,1100,1199,1199,1100,0.66,-1.18,16.76
20792,-0.05,0.00,1100,1100,1100,1100,-0.36,-1.42,13.88
20802,-0.05,1.50,1100,1197,1197,1100,-0.99,0.12,1.55
20812,-0.06,1.66,1100,1202,1202,1100,-1.66,0.15,0.02
20822,-0.05,1.50,1100,1197,1197,1100,0.28,-0.78,12.29
20832,-0.05,1.56,1100,1199,1199,1100,1.37,-1.72,18.58
20842,-0.05,0.00,1100,1100,1100,1100,-0.97,0.38,5.87
20852,-0.05,0.00,1100,1100,1100,1100,-0.18,0.61,2.95
20862,-0.05,0.00,1100,1100,1100,1100,0.22,-0.16,11.91
20872,-0.05,0.00,1100,1100,1100,1100,0.49,-1.17,17.98
20882,-0.05,0.00,1100,1100,1100,1100,-0.58,0.60,3.59
20892,-0.05,0.00,1100,1100,1100,1100,-0.55,1.34,4.74
20902,-0.05,1.54,1100,1199,1199,1100,0.81,-0.83,10.79
20912,-0.04,0.00,1100,1100,1100,1100,0.90,-1.54,19.31
20922,-0.05,0.00,1100,1100,1100,1100,-0.56,0.39,6.81
20932,-0.05,0.00,1100,1100,1100,1100,-0.73,1.52,4.10
20942,-0.05,0.00,1100,1100,1100,1100,0.49,-0.29,16.36
20952,-0.05,0.00,1100,1100,1100,1100,0.12,-1.96,13.98
20962,-0.05,0.00,1100,1100,1100,1100,-0.37,0.37,6.71
20972,-0.05,0.00,1100,1100,1100,1100,0.29,-0.05,12.72
20982,-0.05,0.00,1100,1100,1100,1100,0.27,-0.57,11.47
20992,-0.05,0.00,1100,1100,1100,1100,-0.11,1.02,7.89
21002,-0.05,0.00,1100,1100,1100,1100,-0.79,-0.54,8.14
21012,-0.05,1.53,1100,1198,1198,1100,0.10,0.03,10.59
21022,-0.05,0.00,1100,1100,1100,1100,-0.77,0.14,8.96
21032,-0.05,1.53,1100,1198,1198,1100,0.23,-0.22,9.65
21042,-0.05,0.00,1100,1100,1100,1100,-0.25,-0.77,9.44
21052,-0.05,0.00,1100,1100,1100,1100,-1.01,-0.06,7.90
21062,-0.05,0.00,1100,1100,1100,1100,-0.27,-0.34,8.60
21072,-0.04,0.00,1100,1100,1100,1100,-0.64,-0.30,9.65
21082,-0.05,0.00,1100,1100,1100,1100,-0.20,-1.06,11.03
21092,-0.05,0.00,1100,1100,1100,1100,-0.11,-0.18,12.44
21102,-0.04,0.00,1100,1100,1100,1100,0.21,0.05,10.00
21112,-0.05,0.00,1100,1100,1100,1100,0.08,0.02,8.95
21122,-0.04,0.00,1100,1100,1100,1100,0.44,0.84,13.97
21132,-0.05,0.00,1100,1100,1100,1100,0.18,-1.12,12.07
21142,-0.05,0.00,1100,1100,1100,1100,-0.29,1.29,6.83
21152,-0.05,0.00,1100,1100,1100,1100,-0.37,-0.22,10.44
21162,-0.04,0.00,1100,1100,1100,1100,0.32,-1.14,10.79
21172,-0.05,0.00,1100,1100,1100,1100,-0.19,1.24,8.87
